Performing C SOURCE FILE Test CMAKE_HAVE_LIBC_PTHREAD failed with the following output:
Change Dir: /media/LG/Coding/Android Studio/Signal-LG/glide-webp/lib/.cxx/RelWithDebInfo/4du3x2j1/x86/CMakeFiles/CMakeTmp

Run Build Command(s):/home/long/Android/Sdk/cmake/3.22.1/bin/ninja cmTC_2961b && [1/2] Building C object CMakeFiles/cmTC_2961b.dir/src.c.o
/media/LG/Coding/Android Studio/Signal-LG/glide-webp/lib/.cxx/RelWithDebInfo/4du3x2j1/x86/CMakeFiles/CMakeTmp/src.c:13:3: warning: implicit declaration of function 'pthread_cancel' is invalid in C99 [-Wimplicit-function-declaration]
  pthread_cancel(thread);
  ^
1 warning generated.
[2/2] Linking C executable cmTC_2961b
FAILED: cmTC_2961b 
: && /home/long/Android/Sdk/ndk/25.1.8937393/toolchains/llvm/prebuilt/linux-x86_64/bin/clang --target=i686-none-linux-android21 --sysroot=/home/long/Android/Sdk/ndk/25.1.8937393/toolchains/llvm/prebuilt/linux-x86_64/sysroot -g -DANDROID -fdata-sections -ffunction-sections -funwind-tables -fstack-protector-strong -no-canonical-prefixes -mstackrealign -D_FORTIFY_SOURCE=2 -Wformat -Werror=format-security -static-libstdc++ -Wl,--build-id=sha1 -Wl,--no-rosegment -Wl,--fatal-warnings -Wl,--gc-sections -Wl,--no-undefined -Qunused-arguments -Wl,--gc-sections CMakeFiles/cmTC_2961b.dir/src.c.o -o cmTC_2961b  -latomic -lm && :
ld: error: undefined symbol: pthread_cancel
>>> referenced by src.c:13
>>>               CMakeFiles/cmTC_2961b.dir/src.c.o:(main)
clang: error: linker command failed with exit code 1 (use -v to see invocation)
ninja: build stopped: subcommand failed.


Source file was:
#include <pthread.h>

static void* test_func(void* data)
{
  return data;
}

int main(void)
{
  pthread_t thread;
  pthread_create(&thread, NULL, test_func, NULL);
  pthread_detach(thread);
  pthread_cancel(thread);
  pthread_join(thread, NULL);
  pthread_atfork(NULL, NULL, NULL);
  pthread_exit(NULL);

  return 0;
}

Determining if the function pthread_create exists in the pthreads failed with the following output:
Change Dir: /media/LG/Coding/Android Studio/Signal-LG/glide-webp/lib/.cxx/RelWithDebInfo/4du3x2j1/x86/CMakeFiles/CMakeTmp

Run Build Command(s):/home/long/Android/Sdk/cmake/3.22.1/bin/ninja cmTC_3cdfd && [1/2] Building C object CMakeFiles/cmTC_3cdfd.dir/CheckFunctionExists.c.o
[2/2] Linking C executable cmTC_3cdfd
FAILED: cmTC_3cdfd 
: && /home/long/Android/Sdk/ndk/25.1.8937393/toolchains/llvm/prebuilt/linux-x86_64/bin/clang --target=i686-none-linux-android21 --sysroot=/home/long/Android/Sdk/ndk/25.1.8937393/toolchains/llvm/prebuilt/linux-x86_64/sysroot -g -DANDROID -fdata-sections -ffunction-sections -funwind-tables -fstack-protector-strong -no-canonical-prefixes -mstackrealign -D_FORTIFY_SOURCE=2 -Wformat -Werror=format-security  -DCHECK_FUNCTION_EXISTS=pthread_create -static-libstdc++ -Wl,--build-id=sha1 -Wl,--no-rosegment -Wl,--fatal-warnings -Wl,--gc-sections -Wl,--no-undefined -Qunused-arguments -Wl,--gc-sections CMakeFiles/cmTC_3cdfd.dir/CheckFunctionExists.c.o -o cmTC_3cdfd  -lpthreads  -latomic -lm && :
ld: error: unable to find library -lpthreads
clang: error: linker command failed with exit code 1 (use -v to see invocation)
ninja: build stopped: subcommand failed.



Determining if the function pthread_create exists in the pthread failed with the following output:
Change Dir: /media/LG/Coding/Android Studio/Signal-LG/glide-webp/lib/.cxx/RelWithDebInfo/4du3x2j1/x86/CMakeFiles/CMakeTmp

Run Build Command(s):/home/long/Android/Sdk/cmake/3.22.1/bin/ninja cmTC_871df && [1/2] Building C object CMakeFiles/cmTC_871df.dir/CheckFunctionExists.c.o
[2/2] Linking C executable cmTC_871df
FAILED: cmTC_871df 
: && /home/long/Android/Sdk/ndk/25.1.8937393/toolchains/llvm/prebuilt/linux-x86_64/bin/clang --target=i686-none-linux-android21 --sysroot=/home/long/Android/Sdk/ndk/25.1.8937393/toolchains/llvm/prebuilt/linux-x86_64/sysroot -g -DANDROID -fdata-sections -ffunction-sections -funwind-tables -fstack-protector-strong -no-canonical-prefixes -mstackrealign -D_FORTIFY_SOURCE=2 -Wformat -Werror=format-security  -DCHECK_FUNCTION_EXISTS=pthread_create -static-libstdc++ -Wl,--build-id=sha1 -Wl,--no-rosegment -Wl,--fatal-warnings -Wl,--gc-sections -Wl,--no-undefined -Qunused-arguments -Wl,--gc-sections CMakeFiles/cmTC_871df.dir/CheckFunctionExists.c.o -o cmTC_871df  -lpthread  -latomic -lm && :
ld: error: unable to find library -lpthread
clang: error: linker command failed with exit code 1 (use -v to see invocation)
ninja: build stopped: subcommand failed.



Determining if files GLUT/glut.h exist failed with the following output:
Change Dir: /media/LG/Coding/Android Studio/Signal-LG/glide-webp/lib/.cxx/RelWithDebInfo/4du3x2j1/x86/CMakeFiles/CMakeTmp

Run Build Command(s):/home/long/Android/Sdk/cmake/3.22.1/bin/ninja cmTC_2160a && [1/2] Building C object CMakeFiles/cmTC_2160a.dir/HAVE_GLUT_GLUT_H.c.o
FAILED: CMakeFiles/cmTC_2160a.dir/HAVE_GLUT_GLUT_H.c.o 
/home/long/Android/Sdk/ndk/25.1.8937393/toolchains/llvm/prebuilt/linux-x86_64/bin/clang --target=i686-none-linux-android21 --sysroot=/home/long/Android/Sdk/ndk/25.1.8937393/toolchains/llvm/prebuilt/linux-x86_64/sysroot   -g -DANDROID -fdata-sections -ffunction-sections -funwind-tables -fstack-protector-strong -no-canonical-prefixes -mstackrealign -D_FORTIFY_SOURCE=2 -Wformat -Werror=format-security  -pthread  -fPIE -MD -MT CMakeFiles/cmTC_2160a.dir/HAVE_GLUT_GLUT_H.c.o -MF CMakeFiles/cmTC_2160a.dir/HAVE_GLUT_GLUT_H.c.o.d -o CMakeFiles/cmTC_2160a.dir/HAVE_GLUT_GLUT_H.c.o -c '/media/LG/Coding/Android Studio/Signal-LG/glide-webp/lib/.cxx/RelWithDebInfo/4du3x2j1/x86/CMakeFiles/CheckIncludeFiles/HAVE_GLUT_GLUT_H.c'
/media/LG/Coding/Android Studio/Signal-LG/glide-webp/lib/.cxx/RelWithDebInfo/4du3x2j1/x86/CMakeFiles/CheckIncludeFiles/HAVE_GLUT_GLUT_H.c:2:10: fatal error: 'GLUT/glut.h' file not found
#include <GLUT/glut.h>
         ^~~~~~~~~~~~~
1 error generated.
ninja: build stopped: subcommand failed.


Source:
/* */
#include <GLUT/glut.h>


int main(void){return 0;}

Determining if files GL/glut.h exist failed with the following output:
Change Dir: /media/LG/Coding/Android Studio/Signal-LG/glide-webp/lib/.cxx/RelWithDebInfo/4du3x2j1/x86/CMakeFiles/CMakeTmp

Run Build Command(s):/home/long/Android/Sdk/cmake/3.22.1/bin/ninja cmTC_881ed && [1/2] Building C object CMakeFiles/cmTC_881ed.dir/HAVE_GL_GLUT_H.c.o
FAILED: CMakeFiles/cmTC_881ed.dir/HAVE_GL_GLUT_H.c.o 
/home/long/Android/Sdk/ndk/25.1.8937393/toolchains/llvm/prebuilt/linux-x86_64/bin/clang --target=i686-none-linux-android21 --sysroot=/home/long/Android/Sdk/ndk/25.1.8937393/toolchains/llvm/prebuilt/linux-x86_64/sysroot   -g -DANDROID -fdata-sections -ffunction-sections -funwind-tables -fstack-protector-strong -no-canonical-prefixes -mstackrealign -D_FORTIFY_SOURCE=2 -Wformat -Werror=format-security  -pthread  -fPIE -MD -MT CMakeFiles/cmTC_881ed.dir/HAVE_GL_GLUT_H.c.o -MF CMakeFiles/cmTC_881ed.dir/HAVE_GL_GLUT_H.c.o.d -o CMakeFiles/cmTC_881ed.dir/HAVE_GL_GLUT_H.c.o -c '/media/LG/Coding/Android Studio/Signal-LG/glide-webp/lib/.cxx/RelWithDebInfo/4du3x2j1/x86/CMakeFiles/CheckIncludeFiles/HAVE_GL_GLUT_H.c'
/media/LG/Coding/Android Studio/Signal-LG/glide-webp/lib/.cxx/RelWithDebInfo/4du3x2j1/x86/CMakeFiles/CheckIncludeFiles/HAVE_GL_GLUT_H.c:2:10: fatal error: 'GL/glut.h' file not found
#include <GL/glut.h>
         ^~~~~~~~~~~
1 error generated.
ninja: build stopped: subcommand failed.


Source:
/* */
#include <GL/glut.h>


int main(void){return 0;}

Determining if files OpenGL/glut.h exist failed with the following output:
Change Dir: /media/LG/Coding/Android Studio/Signal-LG/glide-webp/lib/.cxx/RelWithDebInfo/4du3x2j1/x86/CMakeFiles/CMakeTmp

Run Build Command(s):/home/long/Android/Sdk/cmake/3.22.1/bin/ninja cmTC_f77fc && [1/2] Building C object CMakeFiles/cmTC_f77fc.dir/HAVE_OPENGL_GLUT_H.c.o
FAILED: CMakeFiles/cmTC_f77fc.dir/HAVE_OPENGL_GLUT_H.c.o 
/home/long/Android/Sdk/ndk/25.1.8937393/toolchains/llvm/prebuilt/linux-x86_64/bin/clang --target=i686-none-linux-android21 --sysroot=/home/long/Android/Sdk/ndk/25.1.8937393/toolchains/llvm/prebuilt/linux-x86_64/sysroot   -g -DANDROID -fdata-sections -ffunction-sections -funwind-tables -fstack-protector-strong -no-canonical-prefixes -mstackrealign -D_FORTIFY_SOURCE=2 -Wformat -Werror=format-security  -pthread  -fPIE -MD -MT CMakeFiles/cmTC_f77fc.dir/HAVE_OPENGL_GLUT_H.c.o -MF CMakeFiles/cmTC_f77fc.dir/HAVE_OPENGL_GLUT_H.c.o.d -o CMakeFiles/cmTC_f77fc.dir/HAVE_OPENGL_GLUT_H.c.o -c '/media/LG/Coding/Android Studio/Signal-LG/glide-webp/lib/.cxx/RelWithDebInfo/4du3x2j1/x86/CMakeFiles/CheckIncludeFiles/HAVE_OPENGL_GLUT_H.c'
/media/LG/Coding/Android Studio/Signal-LG/glide-webp/lib/.cxx/RelWithDebInfo/4du3x2j1/x86/CMakeFiles/CheckIncludeFiles/HAVE_OPENGL_GLUT_H.c:2:10: fatal error: 'OpenGL/glut.h' file not found
#include <OpenGL/glut.h>
         ^~~~~~~~~~~~~~~
1 error generated.
ninja: build stopped: subcommand failed.


Source:
/* */
#include <OpenGL/glut.h>


int main(void){return 0;}

Determining if files shlwapi.h exist failed with the following output:
Change Dir: /media/LG/Coding/Android Studio/Signal-LG/glide-webp/lib/.cxx/RelWithDebInfo/4du3x2j1/x86/CMakeFiles/CMakeTmp

Run Build Command(s):/home/long/Android/Sdk/cmake/3.22.1/bin/ninja cmTC_bf448 && [1/2] Building C object CMakeFiles/cmTC_bf448.dir/HAVE_SHLWAPI_H.c.o
FAILED: CMakeFiles/cmTC_bf448.dir/HAVE_SHLWAPI_H.c.o 
/home/long/Android/Sdk/ndk/25.1.8937393/toolchains/llvm/prebuilt/linux-x86_64/bin/clang --target=i686-none-linux-android21 --sysroot=/home/long/Android/Sdk/ndk/25.1.8937393/toolchains/llvm/prebuilt/linux-x86_64/sysroot   -g -DANDROID -fdata-sections -ffunction-sections -funwind-tables -fstack-protector-strong -no-canonical-prefixes -mstackrealign -D_FORTIFY_SOURCE=2 -Wformat -Werror=format-security  -pthread  -fPIE -MD -MT CMakeFiles/cmTC_bf448.dir/HAVE_SHLWAPI_H.c.o -MF CMakeFiles/cmTC_bf448.dir/HAVE_SHLWAPI_H.c.o.d -o CMakeFiles/cmTC_bf448.dir/HAVE_SHLWAPI_H.c.o -c '/media/LG/Coding/Android Studio/Signal-LG/glide-webp/lib/.cxx/RelWithDebInfo/4du3x2j1/x86/CMakeFiles/CheckIncludeFiles/HAVE_SHLWAPI_H.c'
/media/LG/Coding/Android Studio/Signal-LG/glide-webp/lib/.cxx/RelWithDebInfo/4du3x2j1/x86/CMakeFiles/CheckIncludeFiles/HAVE_SHLWAPI_H.c:2:10: fatal error: 'shlwapi.h' file not found
#include <shlwapi.h>
         ^~~~~~~~~~~
1 error generated.
ninja: build stopped: subcommand failed.


Source:
/* */
#include <shlwapi.h>


int main(void){return 0;}

Determining if files wincodec.h exist failed with the following output:
Change Dir: /media/LG/Coding/Android Studio/Signal-LG/glide-webp/lib/.cxx/RelWithDebInfo/4du3x2j1/x86/CMakeFiles/CMakeTmp

Run Build Command(s):/home/long/Android/Sdk/cmake/3.22.1/bin/ninja cmTC_52cd1 && [1/2] Building C object CMakeFiles/cmTC_52cd1.dir/HAVE_WINCODEC_H.c.o
FAILED: CMakeFiles/cmTC_52cd1.dir/HAVE_WINCODEC_H.c.o 
/home/long/Android/Sdk/ndk/25.1.8937393/toolchains/llvm/prebuilt/linux-x86_64/bin/clang --target=i686-none-linux-android21 --sysroot=/home/long/Android/Sdk/ndk/25.1.8937393/toolchains/llvm/prebuilt/linux-x86_64/sysroot   -g -DANDROID -fdata-sections -ffunction-sections -funwind-tables -fstack-protector-strong -no-canonical-prefixes -mstackrealign -D_FORTIFY_SOURCE=2 -Wformat -Werror=format-security  -pthread  -fPIE -MD -MT CMakeFiles/cmTC_52cd1.dir/HAVE_WINCODEC_H.c.o -MF CMakeFiles/cmTC_52cd1.dir/HAVE_WINCODEC_H.c.o.d -o CMakeFiles/cmTC_52cd1.dir/HAVE_WINCODEC_H.c.o -c '/media/LG/Coding/Android Studio/Signal-LG/glide-webp/lib/.cxx/RelWithDebInfo/4du3x2j1/x86/CMakeFiles/CheckIncludeFiles/HAVE_WINCODEC_H.c'
/media/LG/Coding/Android Studio/Signal-LG/glide-webp/lib/.cxx/RelWithDebInfo/4du3x2j1/x86/CMakeFiles/CheckIncludeFiles/HAVE_WINCODEC_H.c:2:10: fatal error: 'wincodec.h' file not found
#include <wincodec.h>
         ^~~~~~~~~~~~
1 error generated.
ninja: build stopped: subcommand failed.


Source:
/* */
#include <wincodec.h>


int main(void){return 0;}

Determining if files windows.h exist failed with the following output:
Change Dir: /media/LG/Coding/Android Studio/Signal-LG/glide-webp/lib/.cxx/RelWithDebInfo/4du3x2j1/x86/CMakeFiles/CMakeTmp

Run Build Command(s):/home/long/Android/Sdk/cmake/3.22.1/bin/ninja cmTC_73dd1 && [1/2] Building C object CMakeFiles/cmTC_73dd1.dir/HAVE_WINDOWS_H.c.o
FAILED: CMakeFiles/cmTC_73dd1.dir/HAVE_WINDOWS_H.c.o 
/home/long/Android/Sdk/ndk/25.1.8937393/toolchains/llvm/prebuilt/linux-x86_64/bin/clang --target=i686-none-linux-android21 --sysroot=/home/long/Android/Sdk/ndk/25.1.8937393/toolchains/llvm/prebuilt/linux-x86_64/sysroot   -g -DANDROID -fdata-sections -ffunction-sections -funwind-tables -fstack-protector-strong -no-canonical-prefixes -mstackrealign -D_FORTIFY_SOURCE=2 -Wformat -Werror=format-security  -pthread  -fPIE -MD -MT CMakeFiles/cmTC_73dd1.dir/HAVE_WINDOWS_H.c.o -MF CMakeFiles/cmTC_73dd1.dir/HAVE_WINDOWS_H.c.o.d -o CMakeFiles/cmTC_73dd1.dir/HAVE_WINDOWS_H.c.o -c '/media/LG/Coding/Android Studio/Signal-LG/glide-webp/lib/.cxx/RelWithDebInfo/4du3x2j1/x86/CMakeFiles/CheckIncludeFiles/HAVE_WINDOWS_H.c'
/media/LG/Coding/Android Studio/Signal-LG/glide-webp/lib/.cxx/RelWithDebInfo/4du3x2j1/x86/CMakeFiles/CheckIncludeFiles/HAVE_WINDOWS_H.c:2:10: fatal error: 'windows.h' file not found
#include <windows.h>
         ^~~~~~~~~~~
1 error generated.
ninja: build stopped: subcommand failed.


Source:
/* */
#include <windows.h>


int main(void){return 0;}

Performing C SOURCE FILE Test WEBP_HAVE_FLAG_SSE41 failed with the following output:
Change Dir: /media/LG/Coding/Android Studio/Signal-LG/glide-webp/lib/.cxx/RelWithDebInfo/4du3x2j1/x86/CMakeFiles/CMakeTmp

Run Build Command(s):/home/long/Android/Sdk/cmake/3.22.1/bin/ninja cmTC_14935 && [1/2] Building C object CMakeFiles/cmTC_14935.dir/src.c.o
FAILED: CMakeFiles/cmTC_14935.dir/src.c.o 
/home/long/Android/Sdk/ndk/25.1.8937393/toolchains/llvm/prebuilt/linux-x86_64/bin/clang --target=i686-none-linux-android21 --sysroot=/home/long/Android/Sdk/ndk/25.1.8937393/toolchains/llvm/prebuilt/linux-x86_64/sysroot -DWEBP_HAVE_FLAG_SSE41 -I"/media/LG/Coding/Android Studio/Signal-LG/libwebp" -g -DANDROID -fdata-sections -ffunction-sections -funwind-tables -fstack-protector-strong -no-canonical-prefixes -mstackrealign -D_FORTIFY_SOURCE=2 -Wformat -Werror=format-security  -pthread  -fPIE -MD -MT CMakeFiles/cmTC_14935.dir/src.c.o -MF CMakeFiles/cmTC_14935.dir/src.c.o.d -o CMakeFiles/cmTC_14935.dir/src.c.o -c '/media/LG/Coding/Android Studio/Signal-LG/glide-webp/lib/.cxx/RelWithDebInfo/4du3x2j1/x86/CMakeFiles/CMakeTmp/src.c'
/media/LG/Coding/Android Studio/Signal-LG/glide-webp/lib/.cxx/RelWithDebInfo/4du3x2j1/x86/CMakeFiles/CMakeTmp/src.c:5:9: error: use of undeclared identifier 'this'
        this is not valid code
        ^
1 error generated.
ninja: build stopped: subcommand failed.


Source file was:

      #include "/media/LG/Coding/Android Studio/Signal-LG/libwebp/cmake/../src/dsp/dsp.h"
      int main(void) {
        #if !defined(WEBP_USE_SSE41)
        this is not valid code
        #endif
        return 0;
      }
    
Performing C SOURCE FILE Test WEBP_HAVE_FLAG_MIPS32 failed with the following output:
Change Dir: /media/LG/Coding/Android Studio/Signal-LG/glide-webp/lib/.cxx/RelWithDebInfo/4du3x2j1/x86/CMakeFiles/CMakeTmp

Run Build Command(s):/home/long/Android/Sdk/cmake/3.22.1/bin/ninja cmTC_81bf9 && [1/2] Building C object CMakeFiles/cmTC_81bf9.dir/src.c.o
FAILED: CMakeFiles/cmTC_81bf9.dir/src.c.o 
/home/long/Android/Sdk/ndk/25.1.8937393/toolchains/llvm/prebuilt/linux-x86_64/bin/clang --target=i686-none-linux-android21 --sysroot=/home/long/Android/Sdk/ndk/25.1.8937393/toolchains/llvm/prebuilt/linux-x86_64/sysroot -DWEBP_HAVE_FLAG_MIPS32 -I"/media/LG/Coding/Android Studio/Signal-LG/libwebp" -g -DANDROID -fdata-sections -ffunction-sections -funwind-tables -fstack-protector-strong -no-canonical-prefixes -mstackrealign -D_FORTIFY_SOURCE=2 -Wformat -Werror=format-security  -pthread  -fPIE -MD -MT CMakeFiles/cmTC_81bf9.dir/src.c.o -MF CMakeFiles/cmTC_81bf9.dir/src.c.o.d -o CMakeFiles/cmTC_81bf9.dir/src.c.o -c '/media/LG/Coding/Android Studio/Signal-LG/glide-webp/lib/.cxx/RelWithDebInfo/4du3x2j1/x86/CMakeFiles/CMakeTmp/src.c'
/media/LG/Coding/Android Studio/Signal-LG/glide-webp/lib/.cxx/RelWithDebInfo/4du3x2j1/x86/CMakeFiles/CMakeTmp/src.c:5:9: error: use of undeclared identifier 'this'
        this is not valid code
        ^
1 error generated.
ninja: build stopped: subcommand failed.


Source file was:

      #include "/media/LG/Coding/Android Studio/Signal-LG/libwebp/cmake/../src/dsp/dsp.h"
      int main(void) {
        #if !defined(WEBP_USE_MIPS32)
        this is not valid code
        #endif
        return 0;
      }
    
Performing C SOURCE FILE Test WEBP_HAVE_FLAG_MIPS32 failed with the following output:
Change Dir: /media/LG/Coding/Android Studio/Signal-LG/glide-webp/lib/.cxx/RelWithDebInfo/4du3x2j1/x86/CMakeFiles/CMakeTmp

Run Build Command(s):/home/long/Android/Sdk/cmake/3.22.1/bin/ninja cmTC_8b447 && [1/2] Building C object CMakeFiles/cmTC_8b447.dir/src.c.o
FAILED: CMakeFiles/cmTC_8b447.dir/src.c.o 
/home/long/Android/Sdk/ndk/25.1.8937393/toolchains/llvm/prebuilt/linux-x86_64/bin/clang --target=i686-none-linux-android21 --sysroot=/home/long/Android/Sdk/ndk/25.1.8937393/toolchains/llvm/prebuilt/linux-x86_64/sysroot -DWEBP_HAVE_FLAG_MIPS32 -I"/media/LG/Coding/Android Studio/Signal-LG/libwebp" -g -DANDROID -fdata-sections -ffunction-sections -funwind-tables -fstack-protector-strong -no-canonical-prefixes -mstackrealign -D_FORTIFY_SOURCE=2 -Wformat -Werror=format-security  -pthread -mips32 -fPIE -MD -MT CMakeFiles/cmTC_8b447.dir/src.c.o -MF CMakeFiles/cmTC_8b447.dir/src.c.o.d -o CMakeFiles/cmTC_8b447.dir/src.c.o -c '/media/LG/Coding/Android Studio/Signal-LG/glide-webp/lib/.cxx/RelWithDebInfo/4du3x2j1/x86/CMakeFiles/CMakeTmp/src.c'
error: unknown target CPU 'mips32'
note: valid target CPU values are: i386, i486, winchip-c6, winchip2, c3, i586, pentium, pentium-mmx, pentiumpro, i686, pentium2, pentium3, pentium3m, pentium-m, c3-2, yonah, pentium4, pentium4m, prescott, nocona, core2, penryn, bonnell, atom, silvermont, slm, goldmont, goldmont-plus, tremont, nehalem, corei7, westmere, sandybridge, corei7-avx, ivybridge, core-avx-i, haswell, core-avx2, broadwell, skylake, skylake-avx512, skx, cascadelake, cooperlake, cannonlake, icelake-client, rocketlake, icelake-server, tigerlake, sapphirerapids, alderlake, knl, knm, lakemont, k6, k6-2, k6-3, athlon, athlon-tbird, athlon-xp, athlon-mp, athlon-4, k8, athlon64, athlon-fx, opteron, k8-sse3, athlon64-sse3, opteron-sse3, amdfam10, barcelona, btver1, btver2, bdver1, bdver2, bdver3, bdver4, znver1, znver2, znver3, x86-64, x86-64-v2, x86-64-v3, x86-64-v4, geode
ninja: build stopped: subcommand failed.


Source file was:

      #include "/media/LG/Coding/Android Studio/Signal-LG/libwebp/cmake/../src/dsp/dsp.h"
      int main(void) {
        #if !defined(WEBP_USE_MIPS32)
        this is not valid code
        #endif
        return 0;
      }
    
Performing C SOURCE FILE Test WEBP_HAVE_FLAG_MIPS_DSP_R2 failed with the following output:
Change Dir: /media/LG/Coding/Android Studio/Signal-LG/glide-webp/lib/.cxx/RelWithDebInfo/4du3x2j1/x86/CMakeFiles/CMakeTmp

Run Build Command(s):/home/long/Android/Sdk/cmake/3.22.1/bin/ninja cmTC_db501 && [1/2] Building C object CMakeFiles/cmTC_db501.dir/src.c.o
FAILED: CMakeFiles/cmTC_db501.dir/src.c.o 
/home/long/Android/Sdk/ndk/25.1.8937393/toolchains/llvm/prebuilt/linux-x86_64/bin/clang --target=i686-none-linux-android21 --sysroot=/home/long/Android/Sdk/ndk/25.1.8937393/toolchains/llvm/prebuilt/linux-x86_64/sysroot -DWEBP_HAVE_FLAG_MIPS_DSP_R2 -I"/media/LG/Coding/Android Studio/Signal-LG/libwebp" -g -DANDROID -fdata-sections -ffunction-sections -funwind-tables -fstack-protector-strong -no-canonical-prefixes -mstackrealign -D_FORTIFY_SOURCE=2 -Wformat -Werror=format-security  -pthread  -fPIE -MD -MT CMakeFiles/cmTC_db501.dir/src.c.o -MF CMakeFiles/cmTC_db501.dir/src.c.o.d -o CMakeFiles/cmTC_db501.dir/src.c.o -c '/media/LG/Coding/Android Studio/Signal-LG/glide-webp/lib/.cxx/RelWithDebInfo/4du3x2j1/x86/CMakeFiles/CMakeTmp/src.c'
/media/LG/Coding/Android Studio/Signal-LG/glide-webp/lib/.cxx/RelWithDebInfo/4du3x2j1/x86/CMakeFiles/CMakeTmp/src.c:5:9: error: use of undeclared identifier 'this'
        this is not valid code
        ^
1 error generated.
ninja: build stopped: subcommand failed.


Source file was:

      #include "/media/LG/Coding/Android Studio/Signal-LG/libwebp/cmake/../src/dsp/dsp.h"
      int main(void) {
        #if !defined(WEBP_USE_MIPS_DSP_R2)
        this is not valid code
        #endif
        return 0;
      }
    
Performing C SOURCE FILE Test WEBP_HAVE_FLAG_MIPS_DSP_R2 failed with the following output:
Change Dir: /media/LG/Coding/Android Studio/Signal-LG/glide-webp/lib/.cxx/RelWithDebInfo/4du3x2j1/x86/CMakeFiles/CMakeTmp

Run Build Command(s):/home/long/Android/Sdk/cmake/3.22.1/bin/ninja cmTC_9b77e && [1/2] Building C object CMakeFiles/cmTC_9b77e.dir/src.c.o
FAILED: CMakeFiles/cmTC_9b77e.dir/src.c.o 
/home/long/Android/Sdk/ndk/25.1.8937393/toolchains/llvm/prebuilt/linux-x86_64/bin/clang --target=i686-none-linux-android21 --sysroot=/home/long/Android/Sdk/ndk/25.1.8937393/toolchains/llvm/prebuilt/linux-x86_64/sysroot -DWEBP_HAVE_FLAG_MIPS_DSP_R2 -I"/media/LG/Coding/Android Studio/Signal-LG/libwebp" -g -DANDROID -fdata-sections -ffunction-sections -funwind-tables -fstack-protector-strong -no-canonical-prefixes -mstackrealign -D_FORTIFY_SOURCE=2 -Wformat -Werror=format-security  -pthread -mdspr2 -fPIE -MD -MT CMakeFiles/cmTC_9b77e.dir/src.c.o -MF CMakeFiles/cmTC_9b77e.dir/src.c.o.d -o CMakeFiles/cmTC_9b77e.dir/src.c.o -c '/media/LG/Coding/Android Studio/Signal-LG/glide-webp/lib/.cxx/RelWithDebInfo/4du3x2j1/x86/CMakeFiles/CMakeTmp/src.c'
clang: warning: argument unused during compilation: '-mdspr2' [-Wunused-command-line-argument]
/media/LG/Coding/Android Studio/Signal-LG/glide-webp/lib/.cxx/RelWithDebInfo/4du3x2j1/x86/CMakeFiles/CMakeTmp/src.c:5:9: error: use of undeclared identifier 'this'
        this is not valid code
        ^
1 error generated.
ninja: build stopped: subcommand failed.


Source file was:

      #include "/media/LG/Coding/Android Studio/Signal-LG/libwebp/cmake/../src/dsp/dsp.h"
      int main(void) {
        #if !defined(WEBP_USE_MIPS_DSP_R2)
        this is not valid code
        #endif
        return 0;
      }
    
Performing C SOURCE FILE Test FLAG_-mno-dspr2 failed with the following output:
Change Dir: /media/LG/Coding/Android Studio/Signal-LG/glide-webp/lib/.cxx/RelWithDebInfo/4du3x2j1/x86/CMakeFiles/CMakeTmp

Run Build Command(s):/home/long/Android/Sdk/cmake/3.22.1/bin/ninja cmTC_dc415 && [1/2] Building C object CMakeFiles/cmTC_dc415.dir/src.c.o
clang: warning: argument unused during compilation: '-mdspr2' [-Wunused-command-line-argument]
clang: warning: argument unused during compilation: '-mno-dspr2' [-Wunused-command-line-argument]
In file included from <built-in>:368:
<command line>:3:14: warning: ISO C99 requires whitespace after the macro name [-Wc99-extensions]
#define FLAG_-mno-dspr2 1
             ^
1 warning generated.
[2/2] Linking C executable cmTC_dc415


Source file was:
int main(void) {return 0;}
Performing C SOURCE FILE Test WEBP_HAVE_FLAG_NEON failed with the following output:
Change Dir: /media/LG/Coding/Android Studio/Signal-LG/glide-webp/lib/.cxx/RelWithDebInfo/4du3x2j1/x86/CMakeFiles/CMakeTmp

Run Build Command(s):/home/long/Android/Sdk/cmake/3.22.1/bin/ninja cmTC_b10cf && [1/2] Building C object CMakeFiles/cmTC_b10cf.dir/src.c.o
FAILED: CMakeFiles/cmTC_b10cf.dir/src.c.o 
/home/long/Android/Sdk/ndk/25.1.8937393/toolchains/llvm/prebuilt/linux-x86_64/bin/clang --target=i686-none-linux-android21 --sysroot=/home/long/Android/Sdk/ndk/25.1.8937393/toolchains/llvm/prebuilt/linux-x86_64/sysroot -DWEBP_HAVE_FLAG_NEON -I"/media/LG/Coding/Android Studio/Signal-LG/libwebp" -g -DANDROID -fdata-sections -ffunction-sections -funwind-tables -fstack-protector-strong -no-canonical-prefixes -mstackrealign -D_FORTIFY_SOURCE=2 -Wformat -Werror=format-security  -pthread  -fPIE -MD -MT CMakeFiles/cmTC_b10cf.dir/src.c.o -MF CMakeFiles/cmTC_b10cf.dir/src.c.o.d -o CMakeFiles/cmTC_b10cf.dir/src.c.o -c '/media/LG/Coding/Android Studio/Signal-LG/glide-webp/lib/.cxx/RelWithDebInfo/4du3x2j1/x86/CMakeFiles/CMakeTmp/src.c'
/media/LG/Coding/Android Studio/Signal-LG/glide-webp/lib/.cxx/RelWithDebInfo/4du3x2j1/x86/CMakeFiles/CMakeTmp/src.c:5:9: error: use of undeclared identifier 'this'
        this is not valid code
        ^
1 error generated.
ninja: build stopped: subcommand failed.


Source file was:

      #include "/media/LG/Coding/Android Studio/Signal-LG/libwebp/cmake/../src/dsp/dsp.h"
      int main(void) {
        #if !defined(WEBP_USE_NEON)
        this is not valid code
        #endif
        return 0;
      }
    
Performing C SOURCE FILE Test WEBP_HAVE_FLAG_NEON failed with the following output:
Change Dir: /media/LG/Coding/Android Studio/Signal-LG/glide-webp/lib/.cxx/RelWithDebInfo/4du3x2j1/x86/CMakeFiles/CMakeTmp

Run Build Command(s):/home/long/Android/Sdk/cmake/3.22.1/bin/ninja cmTC_76d44 && [1/2] Building C object CMakeFiles/cmTC_76d44.dir/src.c.o
FAILED: CMakeFiles/cmTC_76d44.dir/src.c.o 
/home/long/Android/Sdk/ndk/25.1.8937393/toolchains/llvm/prebuilt/linux-x86_64/bin/clang --target=i686-none-linux-android21 --sysroot=/home/long/Android/Sdk/ndk/25.1.8937393/toolchains/llvm/prebuilt/linux-x86_64/sysroot -DWEBP_HAVE_FLAG_NEON -I"/media/LG/Coding/Android Studio/Signal-LG/libwebp" -g -DANDROID -fdata-sections -ffunction-sections -funwind-tables -fstack-protector-strong -no-canonical-prefixes -mstackrealign -D_FORTIFY_SOURCE=2 -Wformat -Werror=format-security  -pthread -mfpu=neon -fPIE -MD -MT CMakeFiles/cmTC_76d44.dir/src.c.o -MF CMakeFiles/cmTC_76d44.dir/src.c.o.d -o CMakeFiles/cmTC_76d44.dir/src.c.o -c '/media/LG/Coding/Android Studio/Signal-LG/glide-webp/lib/.cxx/RelWithDebInfo/4du3x2j1/x86/CMakeFiles/CMakeTmp/src.c'
clang: warning: argument unused during compilation: '-mfpu=neon' [-Wunused-command-line-argument]
/media/LG/Coding/Android Studio/Signal-LG/glide-webp/lib/.cxx/RelWithDebInfo/4du3x2j1/x86/CMakeFiles/CMakeTmp/src.c:5:9: error: use of undeclared identifier 'this'
        this is not valid code
        ^
1 error generated.
ninja: build stopped: subcommand failed.


Source file was:

      #include "/media/LG/Coding/Android Studio/Signal-LG/libwebp/cmake/../src/dsp/dsp.h"
      int main(void) {
        #if !defined(WEBP_USE_NEON)
        this is not valid code
        #endif
        return 0;
      }
    
Performing C SOURCE FILE Test WEBP_HAVE_FLAG_MSA failed with the following output:
Change Dir: /media/LG/Coding/Android Studio/Signal-LG/glide-webp/lib/.cxx/RelWithDebInfo/4du3x2j1/x86/CMakeFiles/CMakeTmp

Run Build Command(s):/home/long/Android/Sdk/cmake/3.22.1/bin/ninja cmTC_63e6d && [1/2] Building C object CMakeFiles/cmTC_63e6d.dir/src.c.o
FAILED: CMakeFiles/cmTC_63e6d.dir/src.c.o 
/home/long/Android/Sdk/ndk/25.1.8937393/toolchains/llvm/prebuilt/linux-x86_64/bin/clang --target=i686-none-linux-android21 --sysroot=/home/long/Android/Sdk/ndk/25.1.8937393/toolchains/llvm/prebuilt/linux-x86_64/sysroot -DWEBP_HAVE_FLAG_MSA -I"/media/LG/Coding/Android Studio/Signal-LG/libwebp" -g -DANDROID -fdata-sections -ffunction-sections -funwind-tables -fstack-protector-strong -no-canonical-prefixes -mstackrealign -D_FORTIFY_SOURCE=2 -Wformat -Werror=format-security  -pthread  -fPIE -MD -MT CMakeFiles/cmTC_63e6d.dir/src.c.o -MF CMakeFiles/cmTC_63e6d.dir/src.c.o.d -o CMakeFiles/cmTC_63e6d.dir/src.c.o -c '/media/LG/Coding/Android Studio/Signal-LG/glide-webp/lib/.cxx/RelWithDebInfo/4du3x2j1/x86/CMakeFiles/CMakeTmp/src.c'
/media/LG/Coding/Android Studio/Signal-LG/glide-webp/lib/.cxx/RelWithDebInfo/4du3x2j1/x86/CMakeFiles/CMakeTmp/src.c:5:9: error: use of undeclared identifier 'this'
        this is not valid code
        ^
1 error generated.
ninja: build stopped: subcommand failed.


Source file was:

      #include "/media/LG/Coding/Android Studio/Signal-LG/libwebp/cmake/../src/dsp/dsp.h"
      int main(void) {
        #if !defined(WEBP_USE_MSA)
        this is not valid code
        #endif
        return 0;
      }
    
Performing C SOURCE FILE Test WEBP_HAVE_FLAG_MSA failed with the following output:
Change Dir: /media/LG/Coding/Android Studio/Signal-LG/glide-webp/lib/.cxx/RelWithDebInfo/4du3x2j1/x86/CMakeFiles/CMakeTmp

Run Build Command(s):/home/long/Android/Sdk/cmake/3.22.1/bin/ninja cmTC_f63cb && [1/2] Building C object CMakeFiles/cmTC_f63cb.dir/src.c.o
FAILED: CMakeFiles/cmTC_f63cb.dir/src.c.o 
/home/long/Android/Sdk/ndk/25.1.8937393/toolchains/llvm/prebuilt/linux-x86_64/bin/clang --target=i686-none-linux-android21 --sysroot=/home/long/Android/Sdk/ndk/25.1.8937393/toolchains/llvm/prebuilt/linux-x86_64/sysroot -DWEBP_HAVE_FLAG_MSA -I"/media/LG/Coding/Android Studio/Signal-LG/libwebp" -g -DANDROID -fdata-sections -ffunction-sections -funwind-tables -fstack-protector-strong -no-canonical-prefixes -mstackrealign -D_FORTIFY_SOURCE=2 -Wformat -Werror=format-security  -pthread -mmsa -fPIE -MD -MT CMakeFiles/cmTC_f63cb.dir/src.c.o -MF CMakeFiles/cmTC_f63cb.dir/src.c.o.d -o CMakeFiles/cmTC_f63cb.dir/src.c.o -c '/media/LG/Coding/Android Studio/Signal-LG/glide-webp/lib/.cxx/RelWithDebInfo/4du3x2j1/x86/CMakeFiles/CMakeTmp/src.c'
clang: warning: argument unused during compilation: '-mmsa' [-Wunused-command-line-argument]
/media/LG/Coding/Android Studio/Signal-LG/glide-webp/lib/.cxx/RelWithDebInfo/4du3x2j1/x86/CMakeFiles/CMakeTmp/src.c:5:9: error: use of undeclared identifier 'this'
        this is not valid code
        ^
1 error generated.
ninja: build stopped: subcommand failed.


Source file was:

      #include "/media/LG/Coding/Android Studio/Signal-LG/libwebp/cmake/../src/dsp/dsp.h"
      int main(void) {
        #if !defined(WEBP_USE_MSA)
        this is not valid code
        #endif
        return 0;
      }
    
Performing C SOURCE FILE Test FLAG_-mno-msa failed with the following output:
Change Dir: /media/LG/Coding/Android Studio/Signal-LG/glide-webp/lib/.cxx/RelWithDebInfo/4du3x2j1/x86/CMakeFiles/CMakeTmp

Run Build Command(s):/home/long/Android/Sdk/cmake/3.22.1/bin/ninja cmTC_21f5b && [1/2] Building C object CMakeFiles/cmTC_21f5b.dir/src.c.o
clang: warning: argument unused during compilation: '-mmsa' [-Wunused-command-line-argument]
clang: warning: argument unused during compilation: '-mno-msa' [-Wunused-command-line-argument]
In file included from <built-in>:368:
<command line>:3:14: warning: ISO C99 requires whitespace after the macro name [-Wc99-extensions]
#define FLAG_-mno-msa 1
             ^
1 warning generated.
[2/2] Linking C executable cmTC_21f5b


Source file was:
int main(void) {return 0;}
