Performing C SOURCE FILE Test CMAKE_HAVE_LIBC_PTHREAD failed with the following output:
Change Dir: /media/LG/Coding/Android Studio/Signal-LG/glide-webp/lib/.cxx/RelWithDebInfo/4du3x2j1/armeabi-v7a/CMakeFiles/CMakeTmp

Run Build Command(s):/home/long/Android/Sdk/cmake/3.22.1/bin/ninja cmTC_b8416 && [1/2] Building C object CMakeFiles/cmTC_b8416.dir/src.c.o
/media/LG/Coding/Android Studio/Signal-LG/glide-webp/lib/.cxx/RelWithDebInfo/4du3x2j1/armeabi-v7a/CMakeFiles/CMakeTmp/src.c:13:3: warning: implicit declaration of function 'pthread_cancel' is invalid in C99 [-Wimplicit-function-declaration]
  pthread_cancel(thread);
  ^
1 warning generated.
[2/2] Linking C executable cmTC_b8416
FAILED: cmTC_b8416 
: && /home/long/Android/Sdk/ndk/25.1.8937393/toolchains/llvm/prebuilt/linux-x86_64/bin/clang --target=armv7-none-linux-androideabi21 --sysroot=/home/long/Android/Sdk/ndk/25.1.8937393/toolchains/llvm/prebuilt/linux-x86_64/sysroot -g -DANDROID -fdata-sections -ffunction-sections -funwind-tables -fstack-protector-strong -no-canonical-prefixes -D_FORTIFY_SOURCE=2 -march=armv7-a -mthumb -Wformat -Werror=format-security -static-libstdc++ -Wl,--build-id=sha1 -Wl,--no-rosegment -Wl,--fatal-warnings -Wl,--gc-sections -Wl,--no-undefined -Qunused-arguments -Wl,--gc-sections CMakeFiles/cmTC_b8416.dir/src.c.o -o cmTC_b8416  -latomic -lm && :
ld: error: undefined symbol: pthread_cancel
>>> referenced by src.c:13
>>>               CMakeFiles/cmTC_b8416.dir/src.c.o:(main)
clang: error: linker command failed with exit code 1 (use -v to see invocation)
ninja: build stopped: subcommand failed.


Source file was:
#include <pthread.h>

static void* test_func(void* data)
{
  return data;
}

int main(void)
{
  pthread_t thread;
  pthread_create(&thread, NULL, test_func, NULL);
  pthread_detach(thread);
  pthread_cancel(thread);
  pthread_join(thread, NULL);
  pthread_atfork(NULL, NULL, NULL);
  pthread_exit(NULL);

  return 0;
}

Determining if the function pthread_create exists in the pthreads failed with the following output:
Change Dir: /media/LG/Coding/Android Studio/Signal-LG/glide-webp/lib/.cxx/RelWithDebInfo/4du3x2j1/armeabi-v7a/CMakeFiles/CMakeTmp

Run Build Command(s):/home/long/Android/Sdk/cmake/3.22.1/bin/ninja cmTC_903eb && [1/2] Building C object CMakeFiles/cmTC_903eb.dir/CheckFunctionExists.c.o
[2/2] Linking C executable cmTC_903eb
FAILED: cmTC_903eb 
: && /home/long/Android/Sdk/ndk/25.1.8937393/toolchains/llvm/prebuilt/linux-x86_64/bin/clang --target=armv7-none-linux-androideabi21 --sysroot=/home/long/Android/Sdk/ndk/25.1.8937393/toolchains/llvm/prebuilt/linux-x86_64/sysroot -g -DANDROID -fdata-sections -ffunction-sections -funwind-tables -fstack-protector-strong -no-canonical-prefixes -D_FORTIFY_SOURCE=2 -march=armv7-a -mthumb -Wformat -Werror=format-security  -DCHECK_FUNCTION_EXISTS=pthread_create -static-libstdc++ -Wl,--build-id=sha1 -Wl,--no-rosegment -Wl,--fatal-warnings -Wl,--gc-sections -Wl,--no-undefined -Qunused-arguments -Wl,--gc-sections CMakeFiles/cmTC_903eb.dir/CheckFunctionExists.c.o -o cmTC_903eb  -lpthreads  -latomic -lm && :
ld: error: unable to find library -lpthreads
clang: error: linker command failed with exit code 1 (use -v to see invocation)
ninja: build stopped: subcommand failed.



Determining if the function pthread_create exists in the pthread failed with the following output:
Change Dir: /media/LG/Coding/Android Studio/Signal-LG/glide-webp/lib/.cxx/RelWithDebInfo/4du3x2j1/armeabi-v7a/CMakeFiles/CMakeTmp

Run Build Command(s):/home/long/Android/Sdk/cmake/3.22.1/bin/ninja cmTC_7d0ac && [1/2] Building C object CMakeFiles/cmTC_7d0ac.dir/CheckFunctionExists.c.o
[2/2] Linking C executable cmTC_7d0ac
FAILED: cmTC_7d0ac 
: && /home/long/Android/Sdk/ndk/25.1.8937393/toolchains/llvm/prebuilt/linux-x86_64/bin/clang --target=armv7-none-linux-androideabi21 --sysroot=/home/long/Android/Sdk/ndk/25.1.8937393/toolchains/llvm/prebuilt/linux-x86_64/sysroot -g -DANDROID -fdata-sections -ffunction-sections -funwind-tables -fstack-protector-strong -no-canonical-prefixes -D_FORTIFY_SOURCE=2 -march=armv7-a -mthumb -Wformat -Werror=format-security  -DCHECK_FUNCTION_EXISTS=pthread_create -static-libstdc++ -Wl,--build-id=sha1 -Wl,--no-rosegment -Wl,--fatal-warnings -Wl,--gc-sections -Wl,--no-undefined -Qunused-arguments -Wl,--gc-sections CMakeFiles/cmTC_7d0ac.dir/CheckFunctionExists.c.o -o cmTC_7d0ac  -lpthread  -latomic -lm && :
ld: error: unable to find library -lpthread
clang: error: linker command failed with exit code 1 (use -v to see invocation)
ninja: build stopped: subcommand failed.



Determining if files GLUT/glut.h exist failed with the following output:
Change Dir: /media/LG/Coding/Android Studio/Signal-LG/glide-webp/lib/.cxx/RelWithDebInfo/4du3x2j1/armeabi-v7a/CMakeFiles/CMakeTmp

Run Build Command(s):/home/long/Android/Sdk/cmake/3.22.1/bin/ninja cmTC_fa123 && [1/2] Building C object CMakeFiles/cmTC_fa123.dir/HAVE_GLUT_GLUT_H.c.o
FAILED: CMakeFiles/cmTC_fa123.dir/HAVE_GLUT_GLUT_H.c.o 
/home/long/Android/Sdk/ndk/25.1.8937393/toolchains/llvm/prebuilt/linux-x86_64/bin/clang --target=armv7-none-linux-androideabi21 --sysroot=/home/long/Android/Sdk/ndk/25.1.8937393/toolchains/llvm/prebuilt/linux-x86_64/sysroot   -g -DANDROID -fdata-sections -ffunction-sections -funwind-tables -fstack-protector-strong -no-canonical-prefixes -D_FORTIFY_SOURCE=2 -march=armv7-a -mthumb -Wformat -Werror=format-security  -pthread  -fPIE -MD -MT CMakeFiles/cmTC_fa123.dir/HAVE_GLUT_GLUT_H.c.o -MF CMakeFiles/cmTC_fa123.dir/HAVE_GLUT_GLUT_H.c.o.d -o CMakeFiles/cmTC_fa123.dir/HAVE_GLUT_GLUT_H.c.o -c '/media/LG/Coding/Android Studio/Signal-LG/glide-webp/lib/.cxx/RelWithDebInfo/4du3x2j1/armeabi-v7a/CMakeFiles/CheckIncludeFiles/HAVE_GLUT_GLUT_H.c'
/media/LG/Coding/Android Studio/Signal-LG/glide-webp/lib/.cxx/RelWithDebInfo/4du3x2j1/armeabi-v7a/CMakeFiles/CheckIncludeFiles/HAVE_GLUT_GLUT_H.c:2:10: fatal error: 'GLUT/glut.h' file not found
#include <GLUT/glut.h>
         ^~~~~~~~~~~~~
1 error generated.
ninja: build stopped: subcommand failed.


Source:
/* */
#include <GLUT/glut.h>


int main(void){return 0;}

Determining if files GL/glut.h exist failed with the following output:
Change Dir: /media/LG/Coding/Android Studio/Signal-LG/glide-webp/lib/.cxx/RelWithDebInfo/4du3x2j1/armeabi-v7a/CMakeFiles/CMakeTmp

Run Build Command(s):/home/long/Android/Sdk/cmake/3.22.1/bin/ninja cmTC_b6b04 && [1/2] Building C object CMakeFiles/cmTC_b6b04.dir/HAVE_GL_GLUT_H.c.o
FAILED: CMakeFiles/cmTC_b6b04.dir/HAVE_GL_GLUT_H.c.o 
/home/long/Android/Sdk/ndk/25.1.8937393/toolchains/llvm/prebuilt/linux-x86_64/bin/clang --target=armv7-none-linux-androideabi21 --sysroot=/home/long/Android/Sdk/ndk/25.1.8937393/toolchains/llvm/prebuilt/linux-x86_64/sysroot   -g -DANDROID -fdata-sections -ffunction-sections -funwind-tables -fstack-protector-strong -no-canonical-prefixes -D_FORTIFY_SOURCE=2 -march=armv7-a -mthumb -Wformat -Werror=format-security  -pthread  -fPIE -MD -MT CMakeFiles/cmTC_b6b04.dir/HAVE_GL_GLUT_H.c.o -MF CMakeFiles/cmTC_b6b04.dir/HAVE_GL_GLUT_H.c.o.d -o CMakeFiles/cmTC_b6b04.dir/HAVE_GL_GLUT_H.c.o -c '/media/LG/Coding/Android Studio/Signal-LG/glide-webp/lib/.cxx/RelWithDebInfo/4du3x2j1/armeabi-v7a/CMakeFiles/CheckIncludeFiles/HAVE_GL_GLUT_H.c'
/media/LG/Coding/Android Studio/Signal-LG/glide-webp/lib/.cxx/RelWithDebInfo/4du3x2j1/armeabi-v7a/CMakeFiles/CheckIncludeFiles/HAVE_GL_GLUT_H.c:2:10: fatal error: 'GL/glut.h' file not found
#include <GL/glut.h>
         ^~~~~~~~~~~
1 error generated.
ninja: build stopped: subcommand failed.


Source:
/* */
#include <GL/glut.h>


int main(void){return 0;}

Determining if files OpenGL/glut.h exist failed with the following output:
Change Dir: /media/LG/Coding/Android Studio/Signal-LG/glide-webp/lib/.cxx/RelWithDebInfo/4du3x2j1/armeabi-v7a/CMakeFiles/CMakeTmp

Run Build Command(s):/home/long/Android/Sdk/cmake/3.22.1/bin/ninja cmTC_f9084 && [1/2] Building C object CMakeFiles/cmTC_f9084.dir/HAVE_OPENGL_GLUT_H.c.o
FAILED: CMakeFiles/cmTC_f9084.dir/HAVE_OPENGL_GLUT_H.c.o 
/home/long/Android/Sdk/ndk/25.1.8937393/toolchains/llvm/prebuilt/linux-x86_64/bin/clang --target=armv7-none-linux-androideabi21 --sysroot=/home/long/Android/Sdk/ndk/25.1.8937393/toolchains/llvm/prebuilt/linux-x86_64/sysroot   -g -DANDROID -fdata-sections -ffunction-sections -funwind-tables -fstack-protector-strong -no-canonical-prefixes -D_FORTIFY_SOURCE=2 -march=armv7-a -mthumb -Wformat -Werror=format-security  -pthread  -fPIE -MD -MT CMakeFiles/cmTC_f9084.dir/HAVE_OPENGL_GLUT_H.c.o -MF CMakeFiles/cmTC_f9084.dir/HAVE_OPENGL_GLUT_H.c.o.d -o CMakeFiles/cmTC_f9084.dir/HAVE_OPENGL_GLUT_H.c.o -c '/media/LG/Coding/Android Studio/Signal-LG/glide-webp/lib/.cxx/RelWithDebInfo/4du3x2j1/armeabi-v7a/CMakeFiles/CheckIncludeFiles/HAVE_OPENGL_GLUT_H.c'
/media/LG/Coding/Android Studio/Signal-LG/glide-webp/lib/.cxx/RelWithDebInfo/4du3x2j1/armeabi-v7a/CMakeFiles/CheckIncludeFiles/HAVE_OPENGL_GLUT_H.c:2:10: fatal error: 'OpenGL/glut.h' file not found
#include <OpenGL/glut.h>
         ^~~~~~~~~~~~~~~
1 error generated.
ninja: build stopped: subcommand failed.


Source:
/* */
#include <OpenGL/glut.h>


int main(void){return 0;}

Determining if files shlwapi.h exist failed with the following output:
Change Dir: /media/LG/Coding/Android Studio/Signal-LG/glide-webp/lib/.cxx/RelWithDebInfo/4du3x2j1/armeabi-v7a/CMakeFiles/CMakeTmp

Run Build Command(s):/home/long/Android/Sdk/cmake/3.22.1/bin/ninja cmTC_e08ed && [1/2] Building C object CMakeFiles/cmTC_e08ed.dir/HAVE_SHLWAPI_H.c.o
FAILED: CMakeFiles/cmTC_e08ed.dir/HAVE_SHLWAPI_H.c.o 
/home/long/Android/Sdk/ndk/25.1.8937393/toolchains/llvm/prebuilt/linux-x86_64/bin/clang --target=armv7-none-linux-androideabi21 --sysroot=/home/long/Android/Sdk/ndk/25.1.8937393/toolchains/llvm/prebuilt/linux-x86_64/sysroot   -g -DANDROID -fdata-sections -ffunction-sections -funwind-tables -fstack-protector-strong -no-canonical-prefixes -D_FORTIFY_SOURCE=2 -march=armv7-a -mthumb -Wformat -Werror=format-security  -pthread  -fPIE -MD -MT CMakeFiles/cmTC_e08ed.dir/HAVE_SHLWAPI_H.c.o -MF CMakeFiles/cmTC_e08ed.dir/HAVE_SHLWAPI_H.c.o.d -o CMakeFiles/cmTC_e08ed.dir/HAVE_SHLWAPI_H.c.o -c '/media/LG/Coding/Android Studio/Signal-LG/glide-webp/lib/.cxx/RelWithDebInfo/4du3x2j1/armeabi-v7a/CMakeFiles/CheckIncludeFiles/HAVE_SHLWAPI_H.c'
/media/LG/Coding/Android Studio/Signal-LG/glide-webp/lib/.cxx/RelWithDebInfo/4du3x2j1/armeabi-v7a/CMakeFiles/CheckIncludeFiles/HAVE_SHLWAPI_H.c:2:10: fatal error: 'shlwapi.h' file not found
#include <shlwapi.h>
         ^~~~~~~~~~~
1 error generated.
ninja: build stopped: subcommand failed.


Source:
/* */
#include <shlwapi.h>


int main(void){return 0;}

Determining if files wincodec.h exist failed with the following output:
Change Dir: /media/LG/Coding/Android Studio/Signal-LG/glide-webp/lib/.cxx/RelWithDebInfo/4du3x2j1/armeabi-v7a/CMakeFiles/CMakeTmp

Run Build Command(s):/home/long/Android/Sdk/cmake/3.22.1/bin/ninja cmTC_e009c && [1/2] Building C object CMakeFiles/cmTC_e009c.dir/HAVE_WINCODEC_H.c.o
FAILED: CMakeFiles/cmTC_e009c.dir/HAVE_WINCODEC_H.c.o 
/home/long/Android/Sdk/ndk/25.1.8937393/toolchains/llvm/prebuilt/linux-x86_64/bin/clang --target=armv7-none-linux-androideabi21 --sysroot=/home/long/Android/Sdk/ndk/25.1.8937393/toolchains/llvm/prebuilt/linux-x86_64/sysroot   -g -DANDROID -fdata-sections -ffunction-sections -funwind-tables -fstack-protector-strong -no-canonical-prefixes -D_FORTIFY_SOURCE=2 -march=armv7-a -mthumb -Wformat -Werror=format-security  -pthread  -fPIE -MD -MT CMakeFiles/cmTC_e009c.dir/HAVE_WINCODEC_H.c.o -MF CMakeFiles/cmTC_e009c.dir/HAVE_WINCODEC_H.c.o.d -o CMakeFiles/cmTC_e009c.dir/HAVE_WINCODEC_H.c.o -c '/media/LG/Coding/Android Studio/Signal-LG/glide-webp/lib/.cxx/RelWithDebInfo/4du3x2j1/armeabi-v7a/CMakeFiles/CheckIncludeFiles/HAVE_WINCODEC_H.c'
/media/LG/Coding/Android Studio/Signal-LG/glide-webp/lib/.cxx/RelWithDebInfo/4du3x2j1/armeabi-v7a/CMakeFiles/CheckIncludeFiles/HAVE_WINCODEC_H.c:2:10: fatal error: 'wincodec.h' file not found
#include <wincodec.h>
         ^~~~~~~~~~~~
1 error generated.
ninja: build stopped: subcommand failed.


Source:
/* */
#include <wincodec.h>


int main(void){return 0;}

Determining if files windows.h exist failed with the following output:
Change Dir: /media/LG/Coding/Android Studio/Signal-LG/glide-webp/lib/.cxx/RelWithDebInfo/4du3x2j1/armeabi-v7a/CMakeFiles/CMakeTmp

Run Build Command(s):/home/long/Android/Sdk/cmake/3.22.1/bin/ninja cmTC_cfa29 && [1/2] Building C object CMakeFiles/cmTC_cfa29.dir/HAVE_WINDOWS_H.c.o
FAILED: CMakeFiles/cmTC_cfa29.dir/HAVE_WINDOWS_H.c.o 
/home/long/Android/Sdk/ndk/25.1.8937393/toolchains/llvm/prebuilt/linux-x86_64/bin/clang --target=armv7-none-linux-androideabi21 --sysroot=/home/long/Android/Sdk/ndk/25.1.8937393/toolchains/llvm/prebuilt/linux-x86_64/sysroot   -g -DANDROID -fdata-sections -ffunction-sections -funwind-tables -fstack-protector-strong -no-canonical-prefixes -D_FORTIFY_SOURCE=2 -march=armv7-a -mthumb -Wformat -Werror=format-security  -pthread  -fPIE -MD -MT CMakeFiles/cmTC_cfa29.dir/HAVE_WINDOWS_H.c.o -MF CMakeFiles/cmTC_cfa29.dir/HAVE_WINDOWS_H.c.o.d -o CMakeFiles/cmTC_cfa29.dir/HAVE_WINDOWS_H.c.o -c '/media/LG/Coding/Android Studio/Signal-LG/glide-webp/lib/.cxx/RelWithDebInfo/4du3x2j1/armeabi-v7a/CMakeFiles/CheckIncludeFiles/HAVE_WINDOWS_H.c'
/media/LG/Coding/Android Studio/Signal-LG/glide-webp/lib/.cxx/RelWithDebInfo/4du3x2j1/armeabi-v7a/CMakeFiles/CheckIncludeFiles/HAVE_WINDOWS_H.c:2:10: fatal error: 'windows.h' file not found
#include <windows.h>
         ^~~~~~~~~~~
1 error generated.
ninja: build stopped: subcommand failed.


Source:
/* */
#include <windows.h>


int main(void){return 0;}

Performing C SOURCE FILE Test WEBP_HAVE_FLAG_SSE41 failed with the following output:
Change Dir: /media/LG/Coding/Android Studio/Signal-LG/glide-webp/lib/.cxx/RelWithDebInfo/4du3x2j1/armeabi-v7a/CMakeFiles/CMakeTmp

Run Build Command(s):/home/long/Android/Sdk/cmake/3.22.1/bin/ninja cmTC_672a7 && [1/2] Building C object CMakeFiles/cmTC_672a7.dir/src.c.o
FAILED: CMakeFiles/cmTC_672a7.dir/src.c.o 
/home/long/Android/Sdk/ndk/25.1.8937393/toolchains/llvm/prebuilt/linux-x86_64/bin/clang --target=armv7-none-linux-androideabi21 --sysroot=/home/long/Android/Sdk/ndk/25.1.8937393/toolchains/llvm/prebuilt/linux-x86_64/sysroot -DWEBP_HAVE_FLAG_SSE41 -I"/media/LG/Coding/Android Studio/Signal-LG/libwebp" -g -DANDROID -fdata-sections -ffunction-sections -funwind-tables -fstack-protector-strong -no-canonical-prefixes -D_FORTIFY_SOURCE=2 -march=armv7-a -mthumb -Wformat -Werror=format-security  -pthread -mfpu=neon   -fPIE -MD -MT CMakeFiles/cmTC_672a7.dir/src.c.o -MF CMakeFiles/cmTC_672a7.dir/src.c.o.d -o CMakeFiles/cmTC_672a7.dir/src.c.o -c '/media/LG/Coding/Android Studio/Signal-LG/glide-webp/lib/.cxx/RelWithDebInfo/4du3x2j1/armeabi-v7a/CMakeFiles/CMakeTmp/src.c'
/media/LG/Coding/Android Studio/Signal-LG/glide-webp/lib/.cxx/RelWithDebInfo/4du3x2j1/armeabi-v7a/CMakeFiles/CMakeTmp/src.c:5:9: error: use of undeclared identifier 'this'
        this is not valid code
        ^
1 error generated.
ninja: build stopped: subcommand failed.


Source file was:

      #include "/media/LG/Coding/Android Studio/Signal-LG/libwebp/cmake/../src/dsp/dsp.h"
      int main(void) {
        #if !defined(WEBP_USE_SSE41)
        this is not valid code
        #endif
        return 0;
      }
    
Performing C SOURCE FILE Test WEBP_HAVE_FLAG_SSE41 failed with the following output:
Change Dir: /media/LG/Coding/Android Studio/Signal-LG/glide-webp/lib/.cxx/RelWithDebInfo/4du3x2j1/armeabi-v7a/CMakeFiles/CMakeTmp

Run Build Command(s):/home/long/Android/Sdk/cmake/3.22.1/bin/ninja cmTC_d7f57 && [1/2] Building C object CMakeFiles/cmTC_d7f57.dir/src.c.o
FAILED: CMakeFiles/cmTC_d7f57.dir/src.c.o 
/home/long/Android/Sdk/ndk/25.1.8937393/toolchains/llvm/prebuilt/linux-x86_64/bin/clang --target=armv7-none-linux-androideabi21 --sysroot=/home/long/Android/Sdk/ndk/25.1.8937393/toolchains/llvm/prebuilt/linux-x86_64/sysroot -DWEBP_HAVE_FLAG_SSE41 -I"/media/LG/Coding/Android Studio/Signal-LG/libwebp" -g -DANDROID -fdata-sections -ffunction-sections -funwind-tables -fstack-protector-strong -no-canonical-prefixes -D_FORTIFY_SOURCE=2 -march=armv7-a -mthumb -Wformat -Werror=format-security  -pthread -mfpu=neon  -msse4.1 -fPIE -MD -MT CMakeFiles/cmTC_d7f57.dir/src.c.o -MF CMakeFiles/cmTC_d7f57.dir/src.c.o.d -o CMakeFiles/cmTC_d7f57.dir/src.c.o -c '/media/LG/Coding/Android Studio/Signal-LG/glide-webp/lib/.cxx/RelWithDebInfo/4du3x2j1/armeabi-v7a/CMakeFiles/CMakeTmp/src.c'
clang: warning: argument unused during compilation: '-msse4.1' [-Wunused-command-line-argument]
/media/LG/Coding/Android Studio/Signal-LG/glide-webp/lib/.cxx/RelWithDebInfo/4du3x2j1/armeabi-v7a/CMakeFiles/CMakeTmp/src.c:5:9: error: use of undeclared identifier 'this'
        this is not valid code
        ^
1 error generated.
ninja: build stopped: subcommand failed.


Source file was:

      #include "/media/LG/Coding/Android Studio/Signal-LG/libwebp/cmake/../src/dsp/dsp.h"
      int main(void) {
        #if !defined(WEBP_USE_SSE41)
        this is not valid code
        #endif
        return 0;
      }
    
Performing C SOURCE FILE Test FLAG_-mno-sse4.1 failed with the following output:
Change Dir: /media/LG/Coding/Android Studio/Signal-LG/glide-webp/lib/.cxx/RelWithDebInfo/4du3x2j1/armeabi-v7a/CMakeFiles/CMakeTmp

Run Build Command(s):/home/long/Android/Sdk/cmake/3.22.1/bin/ninja cmTC_842dc && [1/2] Building C object CMakeFiles/cmTC_842dc.dir/src.c.o
clang: warning: argument unused during compilation: '-msse4.1' [-Wunused-command-line-argument]
clang: warning: argument unused during compilation: '-mno-sse4.1' [-Wunused-command-line-argument]
In file included from <built-in>:393:
<command line>:3:14: warning: ISO C99 requires whitespace after the macro name [-Wc99-extensions]
#define FLAG_-mno-sse4.1 1
             ^
1 warning generated.
[2/2] Linking C executable cmTC_842dc


Source file was:
int main(void) {return 0;}
Performing C SOURCE FILE Test WEBP_HAVE_FLAG_SSE2 failed with the following output:
Change Dir: /media/LG/Coding/Android Studio/Signal-LG/glide-webp/lib/.cxx/RelWithDebInfo/4du3x2j1/armeabi-v7a/CMakeFiles/CMakeTmp

Run Build Command(s):/home/long/Android/Sdk/cmake/3.22.1/bin/ninja cmTC_e4ba4 && [1/2] Building C object CMakeFiles/cmTC_e4ba4.dir/src.c.o
FAILED: CMakeFiles/cmTC_e4ba4.dir/src.c.o 
/home/long/Android/Sdk/ndk/25.1.8937393/toolchains/llvm/prebuilt/linux-x86_64/bin/clang --target=armv7-none-linux-androideabi21 --sysroot=/home/long/Android/Sdk/ndk/25.1.8937393/toolchains/llvm/prebuilt/linux-x86_64/sysroot -DWEBP_HAVE_FLAG_SSE2 -I"/media/LG/Coding/Android Studio/Signal-LG/libwebp" -g -DANDROID -fdata-sections -ffunction-sections -funwind-tables -fstack-protector-strong -no-canonical-prefixes -D_FORTIFY_SOURCE=2 -march=armv7-a -mthumb -Wformat -Werror=format-security  -pthread -mfpu=neon   -fPIE -MD -MT CMakeFiles/cmTC_e4ba4.dir/src.c.o -MF CMakeFiles/cmTC_e4ba4.dir/src.c.o.d -o CMakeFiles/cmTC_e4ba4.dir/src.c.o -c '/media/LG/Coding/Android Studio/Signal-LG/glide-webp/lib/.cxx/RelWithDebInfo/4du3x2j1/armeabi-v7a/CMakeFiles/CMakeTmp/src.c'
/media/LG/Coding/Android Studio/Signal-LG/glide-webp/lib/.cxx/RelWithDebInfo/4du3x2j1/armeabi-v7a/CMakeFiles/CMakeTmp/src.c:5:9: error: use of undeclared identifier 'this'
        this is not valid code
        ^
1 error generated.
ninja: build stopped: subcommand failed.


Source file was:

      #include "/media/LG/Coding/Android Studio/Signal-LG/libwebp/cmake/../src/dsp/dsp.h"
      int main(void) {
        #if !defined(WEBP_USE_SSE2)
        this is not valid code
        #endif
        return 0;
      }
    
Performing C SOURCE FILE Test WEBP_HAVE_FLAG_SSE2 failed with the following output:
Change Dir: /media/LG/Coding/Android Studio/Signal-LG/glide-webp/lib/.cxx/RelWithDebInfo/4du3x2j1/armeabi-v7a/CMakeFiles/CMakeTmp

Run Build Command(s):/home/long/Android/Sdk/cmake/3.22.1/bin/ninja cmTC_caa1d && [1/2] Building C object CMakeFiles/cmTC_caa1d.dir/src.c.o
FAILED: CMakeFiles/cmTC_caa1d.dir/src.c.o 
/home/long/Android/Sdk/ndk/25.1.8937393/toolchains/llvm/prebuilt/linux-x86_64/bin/clang --target=armv7-none-linux-androideabi21 --sysroot=/home/long/Android/Sdk/ndk/25.1.8937393/toolchains/llvm/prebuilt/linux-x86_64/sysroot -DWEBP_HAVE_FLAG_SSE2 -I"/media/LG/Coding/Android Studio/Signal-LG/libwebp" -g -DANDROID -fdata-sections -ffunction-sections -funwind-tables -fstack-protector-strong -no-canonical-prefixes -D_FORTIFY_SOURCE=2 -march=armv7-a -mthumb -Wformat -Werror=format-security  -pthread -mfpu=neon  -msse2 -fPIE -MD -MT CMakeFiles/cmTC_caa1d.dir/src.c.o -MF CMakeFiles/cmTC_caa1d.dir/src.c.o.d -o CMakeFiles/cmTC_caa1d.dir/src.c.o -c '/media/LG/Coding/Android Studio/Signal-LG/glide-webp/lib/.cxx/RelWithDebInfo/4du3x2j1/armeabi-v7a/CMakeFiles/CMakeTmp/src.c'
clang: warning: argument unused during compilation: '-msse2' [-Wunused-command-line-argument]
/media/LG/Coding/Android Studio/Signal-LG/glide-webp/lib/.cxx/RelWithDebInfo/4du3x2j1/armeabi-v7a/CMakeFiles/CMakeTmp/src.c:5:9: error: use of undeclared identifier 'this'
        this is not valid code
        ^
1 error generated.
ninja: build stopped: subcommand failed.


Source file was:

      #include "/media/LG/Coding/Android Studio/Signal-LG/libwebp/cmake/../src/dsp/dsp.h"
      int main(void) {
        #if !defined(WEBP_USE_SSE2)
        this is not valid code
        #endif
        return 0;
      }
    
Performing C SOURCE FILE Test FLAG_-mno-sse2 failed with the following output:
Change Dir: /media/LG/Coding/Android Studio/Signal-LG/glide-webp/lib/.cxx/RelWithDebInfo/4du3x2j1/armeabi-v7a/CMakeFiles/CMakeTmp

Run Build Command(s):/home/long/Android/Sdk/cmake/3.22.1/bin/ninja cmTC_09e06 && [1/2] Building C object CMakeFiles/cmTC_09e06.dir/src.c.o
clang: warning: argument unused during compilation: '-msse2' [-Wunused-command-line-argument]
clang: warning: argument unused during compilation: '-mno-sse2' [-Wunused-command-line-argument]
In file included from <built-in>:393:
<command line>:3:14: warning: ISO C99 requires whitespace after the macro name [-Wc99-extensions]
#define FLAG_-mno-sse2 1
             ^
1 warning generated.
[2/2] Linking C executable cmTC_09e06


Source file was:
int main(void) {return 0;}
Performing C SOURCE FILE Test WEBP_HAVE_FLAG_MIPS32 failed with the following output:
Change Dir: /media/LG/Coding/Android Studio/Signal-LG/glide-webp/lib/.cxx/RelWithDebInfo/4du3x2j1/armeabi-v7a/CMakeFiles/CMakeTmp

Run Build Command(s):/home/long/Android/Sdk/cmake/3.22.1/bin/ninja cmTC_009c3 && [1/2] Building C object CMakeFiles/cmTC_009c3.dir/src.c.o
FAILED: CMakeFiles/cmTC_009c3.dir/src.c.o 
/home/long/Android/Sdk/ndk/25.1.8937393/toolchains/llvm/prebuilt/linux-x86_64/bin/clang --target=armv7-none-linux-androideabi21 --sysroot=/home/long/Android/Sdk/ndk/25.1.8937393/toolchains/llvm/prebuilt/linux-x86_64/sysroot -DWEBP_HAVE_FLAG_MIPS32 -I"/media/LG/Coding/Android Studio/Signal-LG/libwebp" -g -DANDROID -fdata-sections -ffunction-sections -funwind-tables -fstack-protector-strong -no-canonical-prefixes -D_FORTIFY_SOURCE=2 -march=armv7-a -mthumb -Wformat -Werror=format-security  -pthread -mfpu=neon   -fPIE -MD -MT CMakeFiles/cmTC_009c3.dir/src.c.o -MF CMakeFiles/cmTC_009c3.dir/src.c.o.d -o CMakeFiles/cmTC_009c3.dir/src.c.o -c '/media/LG/Coding/Android Studio/Signal-LG/glide-webp/lib/.cxx/RelWithDebInfo/4du3x2j1/armeabi-v7a/CMakeFiles/CMakeTmp/src.c'
/media/LG/Coding/Android Studio/Signal-LG/glide-webp/lib/.cxx/RelWithDebInfo/4du3x2j1/armeabi-v7a/CMakeFiles/CMakeTmp/src.c:5:9: error: use of undeclared identifier 'this'
        this is not valid code
        ^
1 error generated.
ninja: build stopped: subcommand failed.


Source file was:

      #include "/media/LG/Coding/Android Studio/Signal-LG/libwebp/cmake/../src/dsp/dsp.h"
      int main(void) {
        #if !defined(WEBP_USE_MIPS32)
        this is not valid code
        #endif
        return 0;
      }
    
Performing C SOURCE FILE Test WEBP_HAVE_FLAG_MIPS32 failed with the following output:
Change Dir: /media/LG/Coding/Android Studio/Signal-LG/glide-webp/lib/.cxx/RelWithDebInfo/4du3x2j1/armeabi-v7a/CMakeFiles/CMakeTmp

Run Build Command(s):/home/long/Android/Sdk/cmake/3.22.1/bin/ninja cmTC_1ec54 && [1/2] Building C object CMakeFiles/cmTC_1ec54.dir/src.c.o
FAILED: CMakeFiles/cmTC_1ec54.dir/src.c.o 
/home/long/Android/Sdk/ndk/25.1.8937393/toolchains/llvm/prebuilt/linux-x86_64/bin/clang --target=armv7-none-linux-androideabi21 --sysroot=/home/long/Android/Sdk/ndk/25.1.8937393/toolchains/llvm/prebuilt/linux-x86_64/sysroot -DWEBP_HAVE_FLAG_MIPS32 -I"/media/LG/Coding/Android Studio/Signal-LG/libwebp" -g -DANDROID -fdata-sections -ffunction-sections -funwind-tables -fstack-protector-strong -no-canonical-prefixes -D_FORTIFY_SOURCE=2 -march=armv7-a -mthumb -Wformat -Werror=format-security  -pthread -mfpu=neon  -mips32 -fPIE -MD -MT CMakeFiles/cmTC_1ec54.dir/src.c.o -MF CMakeFiles/cmTC_1ec54.dir/src.c.o.d -o CMakeFiles/cmTC_1ec54.dir/src.c.o -c '/media/LG/Coding/Android Studio/Signal-LG/glide-webp/lib/.cxx/RelWithDebInfo/4du3x2j1/armeabi-v7a/CMakeFiles/CMakeTmp/src.c'
clang: error: the clang compiler does not support '-mips32'
ninja: build stopped: subcommand failed.


Source file was:

      #include "/media/LG/Coding/Android Studio/Signal-LG/libwebp/cmake/../src/dsp/dsp.h"
      int main(void) {
        #if !defined(WEBP_USE_MIPS32)
        this is not valid code
        #endif
        return 0;
      }
    
Performing C SOURCE FILE Test WEBP_HAVE_FLAG_MIPS_DSP_R2 failed with the following output:
Change Dir: /media/LG/Coding/Android Studio/Signal-LG/glide-webp/lib/.cxx/RelWithDebInfo/4du3x2j1/armeabi-v7a/CMakeFiles/CMakeTmp

Run Build Command(s):/home/long/Android/Sdk/cmake/3.22.1/bin/ninja cmTC_dd92f && [1/2] Building C object CMakeFiles/cmTC_dd92f.dir/src.c.o
FAILED: CMakeFiles/cmTC_dd92f.dir/src.c.o 
/home/long/Android/Sdk/ndk/25.1.8937393/toolchains/llvm/prebuilt/linux-x86_64/bin/clang --target=armv7-none-linux-androideabi21 --sysroot=/home/long/Android/Sdk/ndk/25.1.8937393/toolchains/llvm/prebuilt/linux-x86_64/sysroot -DWEBP_HAVE_FLAG_MIPS_DSP_R2 -I"/media/LG/Coding/Android Studio/Signal-LG/libwebp" -g -DANDROID -fdata-sections -ffunction-sections -funwind-tables -fstack-protector-strong -no-canonical-prefixes -D_FORTIFY_SOURCE=2 -march=armv7-a -mthumb -Wformat -Werror=format-security  -pthread -mfpu=neon   -fPIE -MD -MT CMakeFiles/cmTC_dd92f.dir/src.c.o -MF CMakeFiles/cmTC_dd92f.dir/src.c.o.d -o CMakeFiles/cmTC_dd92f.dir/src.c.o -c '/media/LG/Coding/Android Studio/Signal-LG/glide-webp/lib/.cxx/RelWithDebInfo/4du3x2j1/armeabi-v7a/CMakeFiles/CMakeTmp/src.c'
/media/LG/Coding/Android Studio/Signal-LG/glide-webp/lib/.cxx/RelWithDebInfo/4du3x2j1/armeabi-v7a/CMakeFiles/CMakeTmp/src.c:5:9: error: use of undeclared identifier 'this'
        this is not valid code
        ^
1 error generated.
ninja: build stopped: subcommand failed.


Source file was:

      #include "/media/LG/Coding/Android Studio/Signal-LG/libwebp/cmake/../src/dsp/dsp.h"
      int main(void) {
        #if !defined(WEBP_USE_MIPS_DSP_R2)
        this is not valid code
        #endif
        return 0;
      }
    
Performing C SOURCE FILE Test WEBP_HAVE_FLAG_MIPS_DSP_R2 failed with the following output:
Change Dir: /media/LG/Coding/Android Studio/Signal-LG/glide-webp/lib/.cxx/RelWithDebInfo/4du3x2j1/armeabi-v7a/CMakeFiles/CMakeTmp

Run Build Command(s):/home/long/Android/Sdk/cmake/3.22.1/bin/ninja cmTC_ecbc3 && [1/2] Building C object CMakeFiles/cmTC_ecbc3.dir/src.c.o
FAILED: CMakeFiles/cmTC_ecbc3.dir/src.c.o 
/home/long/Android/Sdk/ndk/25.1.8937393/toolchains/llvm/prebuilt/linux-x86_64/bin/clang --target=armv7-none-linux-androideabi21 --sysroot=/home/long/Android/Sdk/ndk/25.1.8937393/toolchains/llvm/prebuilt/linux-x86_64/sysroot -DWEBP_HAVE_FLAG_MIPS_DSP_R2 -I"/media/LG/Coding/Android Studio/Signal-LG/libwebp" -g -DANDROID -fdata-sections -ffunction-sections -funwind-tables -fstack-protector-strong -no-canonical-prefixes -D_FORTIFY_SOURCE=2 -march=armv7-a -mthumb -Wformat -Werror=format-security  -pthread -mfpu=neon  -mdspr2 -fPIE -MD -MT CMakeFiles/cmTC_ecbc3.dir/src.c.o -MF CMakeFiles/cmTC_ecbc3.dir/src.c.o.d -o CMakeFiles/cmTC_ecbc3.dir/src.c.o -c '/media/LG/Coding/Android Studio/Signal-LG/glide-webp/lib/.cxx/RelWithDebInfo/4du3x2j1/armeabi-v7a/CMakeFiles/CMakeTmp/src.c'
clang: warning: argument unused during compilation: '-mdspr2' [-Wunused-command-line-argument]
/media/LG/Coding/Android Studio/Signal-LG/glide-webp/lib/.cxx/RelWithDebInfo/4du3x2j1/armeabi-v7a/CMakeFiles/CMakeTmp/src.c:5:9: error: use of undeclared identifier 'this'
        this is not valid code
        ^
1 error generated.
ninja: build stopped: subcommand failed.


Source file was:

      #include "/media/LG/Coding/Android Studio/Signal-LG/libwebp/cmake/../src/dsp/dsp.h"
      int main(void) {
        #if !defined(WEBP_USE_MIPS_DSP_R2)
        this is not valid code
        #endif
        return 0;
      }
    
Performing C SOURCE FILE Test FLAG_-mno-dspr2 failed with the following output:
Change Dir: /media/LG/Coding/Android Studio/Signal-LG/glide-webp/lib/.cxx/RelWithDebInfo/4du3x2j1/armeabi-v7a/CMakeFiles/CMakeTmp

Run Build Command(s):/home/long/Android/Sdk/cmake/3.22.1/bin/ninja cmTC_506a5 && [1/2] Building C object CMakeFiles/cmTC_506a5.dir/src.c.o
clang: warning: argument unused during compilation: '-mdspr2' [-Wunused-command-line-argument]
clang: warning: argument unused during compilation: '-mno-dspr2' [-Wunused-command-line-argument]
In file included from <built-in>:393:
<command line>:3:14: warning: ISO C99 requires whitespace after the macro name [-Wc99-extensions]
#define FLAG_-mno-dspr2 1
             ^
1 warning generated.
[2/2] Linking C executable cmTC_506a5


Source file was:
int main(void) {return 0;}
Performing C SOURCE FILE Test WEBP_HAVE_FLAG_MSA failed with the following output:
Change Dir: /media/LG/Coding/Android Studio/Signal-LG/glide-webp/lib/.cxx/RelWithDebInfo/4du3x2j1/armeabi-v7a/CMakeFiles/CMakeTmp

Run Build Command(s):/home/long/Android/Sdk/cmake/3.22.1/bin/ninja cmTC_49a1b && [1/2] Building C object CMakeFiles/cmTC_49a1b.dir/src.c.o
FAILED: CMakeFiles/cmTC_49a1b.dir/src.c.o 
/home/long/Android/Sdk/ndk/25.1.8937393/toolchains/llvm/prebuilt/linux-x86_64/bin/clang --target=armv7-none-linux-androideabi21 --sysroot=/home/long/Android/Sdk/ndk/25.1.8937393/toolchains/llvm/prebuilt/linux-x86_64/sysroot -DWEBP_HAVE_FLAG_MSA -I"/media/LG/Coding/Android Studio/Signal-LG/libwebp" -g -DANDROID -fdata-sections -ffunction-sections -funwind-tables -fstack-protector-strong -no-canonical-prefixes -D_FORTIFY_SOURCE=2 -march=armv7-a -mthumb -Wformat -Werror=format-security  -pthread -mfpu=neon   -fPIE -MD -MT CMakeFiles/cmTC_49a1b.dir/src.c.o -MF CMakeFiles/cmTC_49a1b.dir/src.c.o.d -o CMakeFiles/cmTC_49a1b.dir/src.c.o -c '/media/LG/Coding/Android Studio/Signal-LG/glide-webp/lib/.cxx/RelWithDebInfo/4du3x2j1/armeabi-v7a/CMakeFiles/CMakeTmp/src.c'
/media/LG/Coding/Android Studio/Signal-LG/glide-webp/lib/.cxx/RelWithDebInfo/4du3x2j1/armeabi-v7a/CMakeFiles/CMakeTmp/src.c:5:9: error: use of undeclared identifier 'this'
        this is not valid code
        ^
1 error generated.
ninja: build stopped: subcommand failed.


Source file was:

      #include "/media/LG/Coding/Android Studio/Signal-LG/libwebp/cmake/../src/dsp/dsp.h"
      int main(void) {
        #if !defined(WEBP_USE_MSA)
        this is not valid code
        #endif
        return 0;
      }
    
Performing C SOURCE FILE Test WEBP_HAVE_FLAG_MSA failed with the following output:
Change Dir: /media/LG/Coding/Android Studio/Signal-LG/glide-webp/lib/.cxx/RelWithDebInfo/4du3x2j1/armeabi-v7a/CMakeFiles/CMakeTmp

Run Build Command(s):/home/long/Android/Sdk/cmake/3.22.1/bin/ninja cmTC_23350 && [1/2] Building C object CMakeFiles/cmTC_23350.dir/src.c.o
FAILED: CMakeFiles/cmTC_23350.dir/src.c.o 
/home/long/Android/Sdk/ndk/25.1.8937393/toolchains/llvm/prebuilt/linux-x86_64/bin/clang --target=armv7-none-linux-androideabi21 --sysroot=/home/long/Android/Sdk/ndk/25.1.8937393/toolchains/llvm/prebuilt/linux-x86_64/sysroot -DWEBP_HAVE_FLAG_MSA -I"/media/LG/Coding/Android Studio/Signal-LG/libwebp" -g -DANDROID -fdata-sections -ffunction-sections -funwind-tables -fstack-protector-strong -no-canonical-prefixes -D_FORTIFY_SOURCE=2 -march=armv7-a -mthumb -Wformat -Werror=format-security  -pthread -mfpu=neon  -mmsa -fPIE -MD -MT CMakeFiles/cmTC_23350.dir/src.c.o -MF CMakeFiles/cmTC_23350.dir/src.c.o.d -o CMakeFiles/cmTC_23350.dir/src.c.o -c '/media/LG/Coding/Android Studio/Signal-LG/glide-webp/lib/.cxx/RelWithDebInfo/4du3x2j1/armeabi-v7a/CMakeFiles/CMakeTmp/src.c'
clang: warning: argument unused during compilation: '-mmsa' [-Wunused-command-line-argument]
/media/LG/Coding/Android Studio/Signal-LG/glide-webp/lib/.cxx/RelWithDebInfo/4du3x2j1/armeabi-v7a/CMakeFiles/CMakeTmp/src.c:5:9: error: use of undeclared identifier 'this'
        this is not valid code
        ^
1 error generated.
ninja: build stopped: subcommand failed.


Source file was:

      #include "/media/LG/Coding/Android Studio/Signal-LG/libwebp/cmake/../src/dsp/dsp.h"
      int main(void) {
        #if !defined(WEBP_USE_MSA)
        this is not valid code
        #endif
        return 0;
      }
    
Performing C SOURCE FILE Test FLAG_-mno-msa failed with the following output:
Change Dir: /media/LG/Coding/Android Studio/Signal-LG/glide-webp/lib/.cxx/RelWithDebInfo/4du3x2j1/armeabi-v7a/CMakeFiles/CMakeTmp

Run Build Command(s):/home/long/Android/Sdk/cmake/3.22.1/bin/ninja cmTC_f1349 && [1/2] Building C object CMakeFiles/cmTC_f1349.dir/src.c.o
clang: warning: argument unused during compilation: '-mmsa' [-Wunused-command-line-argument]
clang: warning: argument unused during compilation: '-mno-msa' [-Wunused-command-line-argument]
In file included from <built-in>:393:
<command line>:3:14: warning: ISO C99 requires whitespace after the macro name [-Wc99-extensions]
#define FLAG_-mno-msa 1
             ^
1 warning generated.
[2/2] Linking C executable cmTC_f1349


Source file was:
int main(void) {return 0;}
