Performing C SOURCE FILE Test CMAKE_HAVE_LIBC_PTHREAD failed with the following output:
Change Dir: /media/LG/Coding/Android Studio/Signal-LG/glide-webp/lib/.cxx/RelWithDebInfo/4du3x2j1/arm64-v8a/CMakeFiles/CMakeTmp

Run Build Command(s):/home/long/Android/Sdk/cmake/3.22.1/bin/ninja cmTC_7a13d && [1/2] Building C object CMakeFiles/cmTC_7a13d.dir/src.c.o
/media/LG/Coding/Android Studio/Signal-LG/glide-webp/lib/.cxx/RelWithDebInfo/4du3x2j1/arm64-v8a/CMakeFiles/CMakeTmp/src.c:13:3: warning: implicit declaration of function 'pthread_cancel' is invalid in C99 [-Wimplicit-function-declaration]
  pthread_cancel(thread);
  ^
1 warning generated.
[2/2] Linking C executable cmTC_7a13d
FAILED: cmTC_7a13d 
: && /home/long/Android/Sdk/ndk/25.1.8937393/toolchains/llvm/prebuilt/linux-x86_64/bin/clang --target=aarch64-none-linux-android21 --sysroot=/home/long/Android/Sdk/ndk/25.1.8937393/toolchains/llvm/prebuilt/linux-x86_64/sysroot -g -DANDROID -fdata-sections -ffunction-sections -funwind-tables -fstack-protector-strong -no-canonical-prefixes -D_FORTIFY_SOURCE=2 -Wformat -Werror=format-security -static-libstdc++ -Wl,--build-id=sha1 -Wl,--no-rosegment -Wl,--fatal-warnings -Wl,--gc-sections -Wl,--no-undefined -Qunused-arguments -Wl,--gc-sections CMakeFiles/cmTC_7a13d.dir/src.c.o -o cmTC_7a13d  -latomic -lm && :
ld: error: undefined symbol: pthread_cancel
>>> referenced by src.c:13
>>>               CMakeFiles/cmTC_7a13d.dir/src.c.o:(main)
clang: error: linker command failed with exit code 1 (use -v to see invocation)
ninja: build stopped: subcommand failed.


Source file was:
#include <pthread.h>

static void* test_func(void* data)
{
  return data;
}

int main(void)
{
  pthread_t thread;
  pthread_create(&thread, NULL, test_func, NULL);
  pthread_detach(thread);
  pthread_cancel(thread);
  pthread_join(thread, NULL);
  pthread_atfork(NULL, NULL, NULL);
  pthread_exit(NULL);

  return 0;
}

Determining if the function pthread_create exists in the pthreads failed with the following output:
Change Dir: /media/LG/Coding/Android Studio/Signal-LG/glide-webp/lib/.cxx/RelWithDebInfo/4du3x2j1/arm64-v8a/CMakeFiles/CMakeTmp

Run Build Command(s):/home/long/Android/Sdk/cmake/3.22.1/bin/ninja cmTC_9e0f4 && [1/2] Building C object CMakeFiles/cmTC_9e0f4.dir/CheckFunctionExists.c.o
[2/2] Linking C executable cmTC_9e0f4
FAILED: cmTC_9e0f4 
: && /home/long/Android/Sdk/ndk/25.1.8937393/toolchains/llvm/prebuilt/linux-x86_64/bin/clang --target=aarch64-none-linux-android21 --sysroot=/home/long/Android/Sdk/ndk/25.1.8937393/toolchains/llvm/prebuilt/linux-x86_64/sysroot -g -DANDROID -fdata-sections -ffunction-sections -funwind-tables -fstack-protector-strong -no-canonical-prefixes -D_FORTIFY_SOURCE=2 -Wformat -Werror=format-security  -DCHECK_FUNCTION_EXISTS=pthread_create -static-libstdc++ -Wl,--build-id=sha1 -Wl,--no-rosegment -Wl,--fatal-warnings -Wl,--gc-sections -Wl,--no-undefined -Qunused-arguments -Wl,--gc-sections CMakeFiles/cmTC_9e0f4.dir/CheckFunctionExists.c.o -o cmTC_9e0f4  -lpthreads  -latomic -lm && :
ld: error: unable to find library -lpthreads
clang: error: linker command failed with exit code 1 (use -v to see invocation)
ninja: build stopped: subcommand failed.



Determining if the function pthread_create exists in the pthread failed with the following output:
Change Dir: /media/LG/Coding/Android Studio/Signal-LG/glide-webp/lib/.cxx/RelWithDebInfo/4du3x2j1/arm64-v8a/CMakeFiles/CMakeTmp

Run Build Command(s):/home/long/Android/Sdk/cmake/3.22.1/bin/ninja cmTC_0b86b && [1/2] Building C object CMakeFiles/cmTC_0b86b.dir/CheckFunctionExists.c.o
[2/2] Linking C executable cmTC_0b86b
FAILED: cmTC_0b86b 
: && /home/long/Android/Sdk/ndk/25.1.8937393/toolchains/llvm/prebuilt/linux-x86_64/bin/clang --target=aarch64-none-linux-android21 --sysroot=/home/long/Android/Sdk/ndk/25.1.8937393/toolchains/llvm/prebuilt/linux-x86_64/sysroot -g -DANDROID -fdata-sections -ffunction-sections -funwind-tables -fstack-protector-strong -no-canonical-prefixes -D_FORTIFY_SOURCE=2 -Wformat -Werror=format-security  -DCHECK_FUNCTION_EXISTS=pthread_create -static-libstdc++ -Wl,--build-id=sha1 -Wl,--no-rosegment -Wl,--fatal-warnings -Wl,--gc-sections -Wl,--no-undefined -Qunused-arguments -Wl,--gc-sections CMakeFiles/cmTC_0b86b.dir/CheckFunctionExists.c.o -o cmTC_0b86b  -lpthread  -latomic -lm && :
ld: error: unable to find library -lpthread
clang: error: linker command failed with exit code 1 (use -v to see invocation)
ninja: build stopped: subcommand failed.



Determining if files GLUT/glut.h exist failed with the following output:
Change Dir: /media/LG/Coding/Android Studio/Signal-LG/glide-webp/lib/.cxx/RelWithDebInfo/4du3x2j1/arm64-v8a/CMakeFiles/CMakeTmp

Run Build Command(s):/home/long/Android/Sdk/cmake/3.22.1/bin/ninja cmTC_e9503 && [1/2] Building C object CMakeFiles/cmTC_e9503.dir/HAVE_GLUT_GLUT_H.c.o
FAILED: CMakeFiles/cmTC_e9503.dir/HAVE_GLUT_GLUT_H.c.o 
/home/long/Android/Sdk/ndk/25.1.8937393/toolchains/llvm/prebuilt/linux-x86_64/bin/clang --target=aarch64-none-linux-android21 --sysroot=/home/long/Android/Sdk/ndk/25.1.8937393/toolchains/llvm/prebuilt/linux-x86_64/sysroot   -g -DANDROID -fdata-sections -ffunction-sections -funwind-tables -fstack-protector-strong -no-canonical-prefixes -D_FORTIFY_SOURCE=2 -Wformat -Werror=format-security  -pthread  -fPIE -MD -MT CMakeFiles/cmTC_e9503.dir/HAVE_GLUT_GLUT_H.c.o -MF CMakeFiles/cmTC_e9503.dir/HAVE_GLUT_GLUT_H.c.o.d -o CMakeFiles/cmTC_e9503.dir/HAVE_GLUT_GLUT_H.c.o -c '/media/LG/Coding/Android Studio/Signal-LG/glide-webp/lib/.cxx/RelWithDebInfo/4du3x2j1/arm64-v8a/CMakeFiles/CheckIncludeFiles/HAVE_GLUT_GLUT_H.c'
/media/LG/Coding/Android Studio/Signal-LG/glide-webp/lib/.cxx/RelWithDebInfo/4du3x2j1/arm64-v8a/CMakeFiles/CheckIncludeFiles/HAVE_GLUT_GLUT_H.c:2:10: fatal error: 'GLUT/glut.h' file not found
#include <GLUT/glut.h>
         ^~~~~~~~~~~~~
1 error generated.
ninja: build stopped: subcommand failed.


Source:
/* */
#include <GLUT/glut.h>


int main(void){return 0;}

Determining if files GL/glut.h exist failed with the following output:
Change Dir: /media/LG/Coding/Android Studio/Signal-LG/glide-webp/lib/.cxx/RelWithDebInfo/4du3x2j1/arm64-v8a/CMakeFiles/CMakeTmp

Run Build Command(s):/home/long/Android/Sdk/cmake/3.22.1/bin/ninja cmTC_7f4fe && [1/2] Building C object CMakeFiles/cmTC_7f4fe.dir/HAVE_GL_GLUT_H.c.o
FAILED: CMakeFiles/cmTC_7f4fe.dir/HAVE_GL_GLUT_H.c.o 
/home/long/Android/Sdk/ndk/25.1.8937393/toolchains/llvm/prebuilt/linux-x86_64/bin/clang --target=aarch64-none-linux-android21 --sysroot=/home/long/Android/Sdk/ndk/25.1.8937393/toolchains/llvm/prebuilt/linux-x86_64/sysroot   -g -DANDROID -fdata-sections -ffunction-sections -funwind-tables -fstack-protector-strong -no-canonical-prefixes -D_FORTIFY_SOURCE=2 -Wformat -Werror=format-security  -pthread  -fPIE -MD -MT CMakeFiles/cmTC_7f4fe.dir/HAVE_GL_GLUT_H.c.o -MF CMakeFiles/cmTC_7f4fe.dir/HAVE_GL_GLUT_H.c.o.d -o CMakeFiles/cmTC_7f4fe.dir/HAVE_GL_GLUT_H.c.o -c '/media/LG/Coding/Android Studio/Signal-LG/glide-webp/lib/.cxx/RelWithDebInfo/4du3x2j1/arm64-v8a/CMakeFiles/CheckIncludeFiles/HAVE_GL_GLUT_H.c'
/media/LG/Coding/Android Studio/Signal-LG/glide-webp/lib/.cxx/RelWithDebInfo/4du3x2j1/arm64-v8a/CMakeFiles/CheckIncludeFiles/HAVE_GL_GLUT_H.c:2:10: fatal error: 'GL/glut.h' file not found
#include <GL/glut.h>
         ^~~~~~~~~~~
1 error generated.
ninja: build stopped: subcommand failed.


Source:
/* */
#include <GL/glut.h>


int main(void){return 0;}

Determining if files OpenGL/glut.h exist failed with the following output:
Change Dir: /media/LG/Coding/Android Studio/Signal-LG/glide-webp/lib/.cxx/RelWithDebInfo/4du3x2j1/arm64-v8a/CMakeFiles/CMakeTmp

Run Build Command(s):/home/long/Android/Sdk/cmake/3.22.1/bin/ninja cmTC_d1cfb && [1/2] Building C object CMakeFiles/cmTC_d1cfb.dir/HAVE_OPENGL_GLUT_H.c.o
FAILED: CMakeFiles/cmTC_d1cfb.dir/HAVE_OPENGL_GLUT_H.c.o 
/home/long/Android/Sdk/ndk/25.1.8937393/toolchains/llvm/prebuilt/linux-x86_64/bin/clang --target=aarch64-none-linux-android21 --sysroot=/home/long/Android/Sdk/ndk/25.1.8937393/toolchains/llvm/prebuilt/linux-x86_64/sysroot   -g -DANDROID -fdata-sections -ffunction-sections -funwind-tables -fstack-protector-strong -no-canonical-prefixes -D_FORTIFY_SOURCE=2 -Wformat -Werror=format-security  -pthread  -fPIE -MD -MT CMakeFiles/cmTC_d1cfb.dir/HAVE_OPENGL_GLUT_H.c.o -MF CMakeFiles/cmTC_d1cfb.dir/HAVE_OPENGL_GLUT_H.c.o.d -o CMakeFiles/cmTC_d1cfb.dir/HAVE_OPENGL_GLUT_H.c.o -c '/media/LG/Coding/Android Studio/Signal-LG/glide-webp/lib/.cxx/RelWithDebInfo/4du3x2j1/arm64-v8a/CMakeFiles/CheckIncludeFiles/HAVE_OPENGL_GLUT_H.c'
/media/LG/Coding/Android Studio/Signal-LG/glide-webp/lib/.cxx/RelWithDebInfo/4du3x2j1/arm64-v8a/CMakeFiles/CheckIncludeFiles/HAVE_OPENGL_GLUT_H.c:2:10: fatal error: 'OpenGL/glut.h' file not found
#include <OpenGL/glut.h>
         ^~~~~~~~~~~~~~~
1 error generated.
ninja: build stopped: subcommand failed.


Source:
/* */
#include <OpenGL/glut.h>


int main(void){return 0;}

Determining if files shlwapi.h exist failed with the following output:
Change Dir: /media/LG/Coding/Android Studio/Signal-LG/glide-webp/lib/.cxx/RelWithDebInfo/4du3x2j1/arm64-v8a/CMakeFiles/CMakeTmp

Run Build Command(s):/home/long/Android/Sdk/cmake/3.22.1/bin/ninja cmTC_6cc58 && [1/2] Building C object CMakeFiles/cmTC_6cc58.dir/HAVE_SHLWAPI_H.c.o
FAILED: CMakeFiles/cmTC_6cc58.dir/HAVE_SHLWAPI_H.c.o 
/home/long/Android/Sdk/ndk/25.1.8937393/toolchains/llvm/prebuilt/linux-x86_64/bin/clang --target=aarch64-none-linux-android21 --sysroot=/home/long/Android/Sdk/ndk/25.1.8937393/toolchains/llvm/prebuilt/linux-x86_64/sysroot   -g -DANDROID -fdata-sections -ffunction-sections -funwind-tables -fstack-protector-strong -no-canonical-prefixes -D_FORTIFY_SOURCE=2 -Wformat -Werror=format-security  -pthread  -fPIE -MD -MT CMakeFiles/cmTC_6cc58.dir/HAVE_SHLWAPI_H.c.o -MF CMakeFiles/cmTC_6cc58.dir/HAVE_SHLWAPI_H.c.o.d -o CMakeFiles/cmTC_6cc58.dir/HAVE_SHLWAPI_H.c.o -c '/media/LG/Coding/Android Studio/Signal-LG/glide-webp/lib/.cxx/RelWithDebInfo/4du3x2j1/arm64-v8a/CMakeFiles/CheckIncludeFiles/HAVE_SHLWAPI_H.c'
/media/LG/Coding/Android Studio/Signal-LG/glide-webp/lib/.cxx/RelWithDebInfo/4du3x2j1/arm64-v8a/CMakeFiles/CheckIncludeFiles/HAVE_SHLWAPI_H.c:2:10: fatal error: 'shlwapi.h' file not found
#include <shlwapi.h>
         ^~~~~~~~~~~
1 error generated.
ninja: build stopped: subcommand failed.


Source:
/* */
#include <shlwapi.h>


int main(void){return 0;}

Determining if files wincodec.h exist failed with the following output:
Change Dir: /media/LG/Coding/Android Studio/Signal-LG/glide-webp/lib/.cxx/RelWithDebInfo/4du3x2j1/arm64-v8a/CMakeFiles/CMakeTmp

Run Build Command(s):/home/long/Android/Sdk/cmake/3.22.1/bin/ninja cmTC_095b4 && [1/2] Building C object CMakeFiles/cmTC_095b4.dir/HAVE_WINCODEC_H.c.o
FAILED: CMakeFiles/cmTC_095b4.dir/HAVE_WINCODEC_H.c.o 
/home/long/Android/Sdk/ndk/25.1.8937393/toolchains/llvm/prebuilt/linux-x86_64/bin/clang --target=aarch64-none-linux-android21 --sysroot=/home/long/Android/Sdk/ndk/25.1.8937393/toolchains/llvm/prebuilt/linux-x86_64/sysroot   -g -DANDROID -fdata-sections -ffunction-sections -funwind-tables -fstack-protector-strong -no-canonical-prefixes -D_FORTIFY_SOURCE=2 -Wformat -Werror=format-security  -pthread  -fPIE -MD -MT CMakeFiles/cmTC_095b4.dir/HAVE_WINCODEC_H.c.o -MF CMakeFiles/cmTC_095b4.dir/HAVE_WINCODEC_H.c.o.d -o CMakeFiles/cmTC_095b4.dir/HAVE_WINCODEC_H.c.o -c '/media/LG/Coding/Android Studio/Signal-LG/glide-webp/lib/.cxx/RelWithDebInfo/4du3x2j1/arm64-v8a/CMakeFiles/CheckIncludeFiles/HAVE_WINCODEC_H.c'
/media/LG/Coding/Android Studio/Signal-LG/glide-webp/lib/.cxx/RelWithDebInfo/4du3x2j1/arm64-v8a/CMakeFiles/CheckIncludeFiles/HAVE_WINCODEC_H.c:2:10: fatal error: 'wincodec.h' file not found
#include <wincodec.h>
         ^~~~~~~~~~~~
1 error generated.
ninja: build stopped: subcommand failed.


Source:
/* */
#include <wincodec.h>


int main(void){return 0;}

Determining if files windows.h exist failed with the following output:
Change Dir: /media/LG/Coding/Android Studio/Signal-LG/glide-webp/lib/.cxx/RelWithDebInfo/4du3x2j1/arm64-v8a/CMakeFiles/CMakeTmp

Run Build Command(s):/home/long/Android/Sdk/cmake/3.22.1/bin/ninja cmTC_cf52e && [1/2] Building C object CMakeFiles/cmTC_cf52e.dir/HAVE_WINDOWS_H.c.o
FAILED: CMakeFiles/cmTC_cf52e.dir/HAVE_WINDOWS_H.c.o 
/home/long/Android/Sdk/ndk/25.1.8937393/toolchains/llvm/prebuilt/linux-x86_64/bin/clang --target=aarch64-none-linux-android21 --sysroot=/home/long/Android/Sdk/ndk/25.1.8937393/toolchains/llvm/prebuilt/linux-x86_64/sysroot   -g -DANDROID -fdata-sections -ffunction-sections -funwind-tables -fstack-protector-strong -no-canonical-prefixes -D_FORTIFY_SOURCE=2 -Wformat -Werror=format-security  -pthread  -fPIE -MD -MT CMakeFiles/cmTC_cf52e.dir/HAVE_WINDOWS_H.c.o -MF CMakeFiles/cmTC_cf52e.dir/HAVE_WINDOWS_H.c.o.d -o CMakeFiles/cmTC_cf52e.dir/HAVE_WINDOWS_H.c.o -c '/media/LG/Coding/Android Studio/Signal-LG/glide-webp/lib/.cxx/RelWithDebInfo/4du3x2j1/arm64-v8a/CMakeFiles/CheckIncludeFiles/HAVE_WINDOWS_H.c'
/media/LG/Coding/Android Studio/Signal-LG/glide-webp/lib/.cxx/RelWithDebInfo/4du3x2j1/arm64-v8a/CMakeFiles/CheckIncludeFiles/HAVE_WINDOWS_H.c:2:10: fatal error: 'windows.h' file not found
#include <windows.h>
         ^~~~~~~~~~~
1 error generated.
ninja: build stopped: subcommand failed.


Source:
/* */
#include <windows.h>


int main(void){return 0;}

Performing C SOURCE FILE Test WEBP_HAVE_FLAG_SSE41 failed with the following output:
Change Dir: /media/LG/Coding/Android Studio/Signal-LG/glide-webp/lib/.cxx/RelWithDebInfo/4du3x2j1/arm64-v8a/CMakeFiles/CMakeTmp

Run Build Command(s):/home/long/Android/Sdk/cmake/3.22.1/bin/ninja cmTC_10cfb && [1/2] Building C object CMakeFiles/cmTC_10cfb.dir/src.c.o
FAILED: CMakeFiles/cmTC_10cfb.dir/src.c.o 
/home/long/Android/Sdk/ndk/25.1.8937393/toolchains/llvm/prebuilt/linux-x86_64/bin/clang --target=aarch64-none-linux-android21 --sysroot=/home/long/Android/Sdk/ndk/25.1.8937393/toolchains/llvm/prebuilt/linux-x86_64/sysroot -DWEBP_HAVE_FLAG_SSE41 -I"/media/LG/Coding/Android Studio/Signal-LG/libwebp" -g -DANDROID -fdata-sections -ffunction-sections -funwind-tables -fstack-protector-strong -no-canonical-prefixes -D_FORTIFY_SOURCE=2 -Wformat -Werror=format-security  -pthread  -fPIE -MD -MT CMakeFiles/cmTC_10cfb.dir/src.c.o -MF CMakeFiles/cmTC_10cfb.dir/src.c.o.d -o CMakeFiles/cmTC_10cfb.dir/src.c.o -c '/media/LG/Coding/Android Studio/Signal-LG/glide-webp/lib/.cxx/RelWithDebInfo/4du3x2j1/arm64-v8a/CMakeFiles/CMakeTmp/src.c'
/media/LG/Coding/Android Studio/Signal-LG/glide-webp/lib/.cxx/RelWithDebInfo/4du3x2j1/arm64-v8a/CMakeFiles/CMakeTmp/src.c:5:9: error: use of undeclared identifier 'this'
        this is not valid code
        ^
1 error generated.
ninja: build stopped: subcommand failed.


Source file was:

      #include "/media/LG/Coding/Android Studio/Signal-LG/libwebp/cmake/../src/dsp/dsp.h"
      int main(void) {
        #if !defined(WEBP_USE_SSE41)
        this is not valid code
        #endif
        return 0;
      }
    
Performing C SOURCE FILE Test WEBP_HAVE_FLAG_SSE41 failed with the following output:
Change Dir: /media/LG/Coding/Android Studio/Signal-LG/glide-webp/lib/.cxx/RelWithDebInfo/4du3x2j1/arm64-v8a/CMakeFiles/CMakeTmp

Run Build Command(s):/home/long/Android/Sdk/cmake/3.22.1/bin/ninja cmTC_224f7 && [1/2] Building C object CMakeFiles/cmTC_224f7.dir/src.c.o
FAILED: CMakeFiles/cmTC_224f7.dir/src.c.o 
/home/long/Android/Sdk/ndk/25.1.8937393/toolchains/llvm/prebuilt/linux-x86_64/bin/clang --target=aarch64-none-linux-android21 --sysroot=/home/long/Android/Sdk/ndk/25.1.8937393/toolchains/llvm/prebuilt/linux-x86_64/sysroot -DWEBP_HAVE_FLAG_SSE41 -I"/media/LG/Coding/Android Studio/Signal-LG/libwebp" -g -DANDROID -fdata-sections -ffunction-sections -funwind-tables -fstack-protector-strong -no-canonical-prefixes -D_FORTIFY_SOURCE=2 -Wformat -Werror=format-security  -pthread -msse4.1 -fPIE -MD -MT CMakeFiles/cmTC_224f7.dir/src.c.o -MF CMakeFiles/cmTC_224f7.dir/src.c.o.d -o CMakeFiles/cmTC_224f7.dir/src.c.o -c '/media/LG/Coding/Android Studio/Signal-LG/glide-webp/lib/.cxx/RelWithDebInfo/4du3x2j1/arm64-v8a/CMakeFiles/CMakeTmp/src.c'
clang: warning: argument unused during compilation: '-msse4.1' [-Wunused-command-line-argument]
/media/LG/Coding/Android Studio/Signal-LG/glide-webp/lib/.cxx/RelWithDebInfo/4du3x2j1/arm64-v8a/CMakeFiles/CMakeTmp/src.c:5:9: error: use of undeclared identifier 'this'
        this is not valid code
        ^
1 error generated.
ninja: build stopped: subcommand failed.


Source file was:

      #include "/media/LG/Coding/Android Studio/Signal-LG/libwebp/cmake/../src/dsp/dsp.h"
      int main(void) {
        #if !defined(WEBP_USE_SSE41)
        this is not valid code
        #endif
        return 0;
      }
    
Performing C SOURCE FILE Test FLAG_-mno-sse4.1 failed with the following output:
Change Dir: /media/LG/Coding/Android Studio/Signal-LG/glide-webp/lib/.cxx/RelWithDebInfo/4du3x2j1/arm64-v8a/CMakeFiles/CMakeTmp

Run Build Command(s):/home/long/Android/Sdk/cmake/3.22.1/bin/ninja cmTC_b9237 && [1/2] Building C object CMakeFiles/cmTC_b9237.dir/src.c.o
clang: warning: argument unused during compilation: '-msse4.1' [-Wunused-command-line-argument]
clang: warning: argument unused during compilation: '-mno-sse4.1' [-Wunused-command-line-argument]
In file included from <built-in>:385:
<command line>:3:14: warning: ISO C99 requires whitespace after the macro name [-Wc99-extensions]
#define FLAG_-mno-sse4.1 1
             ^
1 warning generated.
[2/2] Linking C executable cmTC_b9237


Source file was:
int main(void) {return 0;}
Performing C SOURCE FILE Test WEBP_HAVE_FLAG_SSE2 failed with the following output:
Change Dir: /media/LG/Coding/Android Studio/Signal-LG/glide-webp/lib/.cxx/RelWithDebInfo/4du3x2j1/arm64-v8a/CMakeFiles/CMakeTmp

Run Build Command(s):/home/long/Android/Sdk/cmake/3.22.1/bin/ninja cmTC_4ba9e && [1/2] Building C object CMakeFiles/cmTC_4ba9e.dir/src.c.o
FAILED: CMakeFiles/cmTC_4ba9e.dir/src.c.o 
/home/long/Android/Sdk/ndk/25.1.8937393/toolchains/llvm/prebuilt/linux-x86_64/bin/clang --target=aarch64-none-linux-android21 --sysroot=/home/long/Android/Sdk/ndk/25.1.8937393/toolchains/llvm/prebuilt/linux-x86_64/sysroot -DWEBP_HAVE_FLAG_SSE2 -I"/media/LG/Coding/Android Studio/Signal-LG/libwebp" -g -DANDROID -fdata-sections -ffunction-sections -funwind-tables -fstack-protector-strong -no-canonical-prefixes -D_FORTIFY_SOURCE=2 -Wformat -Werror=format-security  -pthread  -fPIE -MD -MT CMakeFiles/cmTC_4ba9e.dir/src.c.o -MF CMakeFiles/cmTC_4ba9e.dir/src.c.o.d -o CMakeFiles/cmTC_4ba9e.dir/src.c.o -c '/media/LG/Coding/Android Studio/Signal-LG/glide-webp/lib/.cxx/RelWithDebInfo/4du3x2j1/arm64-v8a/CMakeFiles/CMakeTmp/src.c'
/media/LG/Coding/Android Studio/Signal-LG/glide-webp/lib/.cxx/RelWithDebInfo/4du3x2j1/arm64-v8a/CMakeFiles/CMakeTmp/src.c:5:9: error: use of undeclared identifier 'this'
        this is not valid code
        ^
1 error generated.
ninja: build stopped: subcommand failed.


Source file was:

      #include "/media/LG/Coding/Android Studio/Signal-LG/libwebp/cmake/../src/dsp/dsp.h"
      int main(void) {
        #if !defined(WEBP_USE_SSE2)
        this is not valid code
        #endif
        return 0;
      }
    
Performing C SOURCE FILE Test WEBP_HAVE_FLAG_SSE2 failed with the following output:
Change Dir: /media/LG/Coding/Android Studio/Signal-LG/glide-webp/lib/.cxx/RelWithDebInfo/4du3x2j1/arm64-v8a/CMakeFiles/CMakeTmp

Run Build Command(s):/home/long/Android/Sdk/cmake/3.22.1/bin/ninja cmTC_432fc && [1/2] Building C object CMakeFiles/cmTC_432fc.dir/src.c.o
FAILED: CMakeFiles/cmTC_432fc.dir/src.c.o 
/home/long/Android/Sdk/ndk/25.1.8937393/toolchains/llvm/prebuilt/linux-x86_64/bin/clang --target=aarch64-none-linux-android21 --sysroot=/home/long/Android/Sdk/ndk/25.1.8937393/toolchains/llvm/prebuilt/linux-x86_64/sysroot -DWEBP_HAVE_FLAG_SSE2 -I"/media/LG/Coding/Android Studio/Signal-LG/libwebp" -g -DANDROID -fdata-sections -ffunction-sections -funwind-tables -fstack-protector-strong -no-canonical-prefixes -D_FORTIFY_SOURCE=2 -Wformat -Werror=format-security  -pthread -msse2 -fPIE -MD -MT CMakeFiles/cmTC_432fc.dir/src.c.o -MF CMakeFiles/cmTC_432fc.dir/src.c.o.d -o CMakeFiles/cmTC_432fc.dir/src.c.o -c '/media/LG/Coding/Android Studio/Signal-LG/glide-webp/lib/.cxx/RelWithDebInfo/4du3x2j1/arm64-v8a/CMakeFiles/CMakeTmp/src.c'
clang: warning: argument unused during compilation: '-msse2' [-Wunused-command-line-argument]
/media/LG/Coding/Android Studio/Signal-LG/glide-webp/lib/.cxx/RelWithDebInfo/4du3x2j1/arm64-v8a/CMakeFiles/CMakeTmp/src.c:5:9: error: use of undeclared identifier 'this'
        this is not valid code
        ^
1 error generated.
ninja: build stopped: subcommand failed.


Source file was:

      #include "/media/LG/Coding/Android Studio/Signal-LG/libwebp/cmake/../src/dsp/dsp.h"
      int main(void) {
        #if !defined(WEBP_USE_SSE2)
        this is not valid code
        #endif
        return 0;
      }
    
Performing C SOURCE FILE Test FLAG_-mno-sse2 failed with the following output:
Change Dir: /media/LG/Coding/Android Studio/Signal-LG/glide-webp/lib/.cxx/RelWithDebInfo/4du3x2j1/arm64-v8a/CMakeFiles/CMakeTmp

Run Build Command(s):/home/long/Android/Sdk/cmake/3.22.1/bin/ninja cmTC_85ef5 && [1/2] Building C object CMakeFiles/cmTC_85ef5.dir/src.c.o
clang: warning: argument unused during compilation: '-msse2' [-Wunused-command-line-argument]
clang: warning: argument unused during compilation: '-mno-sse2' [-Wunused-command-line-argument]
In file included from <built-in>:385:
<command line>:3:14: warning: ISO C99 requires whitespace after the macro name [-Wc99-extensions]
#define FLAG_-mno-sse2 1
             ^
1 warning generated.
[2/2] Linking C executable cmTC_85ef5


Source file was:
int main(void) {return 0;}
Performing C SOURCE FILE Test WEBP_HAVE_FLAG_MIPS32 failed with the following output:
Change Dir: /media/LG/Coding/Android Studio/Signal-LG/glide-webp/lib/.cxx/RelWithDebInfo/4du3x2j1/arm64-v8a/CMakeFiles/CMakeTmp

Run Build Command(s):/home/long/Android/Sdk/cmake/3.22.1/bin/ninja cmTC_dbf17 && [1/2] Building C object CMakeFiles/cmTC_dbf17.dir/src.c.o
FAILED: CMakeFiles/cmTC_dbf17.dir/src.c.o 
/home/long/Android/Sdk/ndk/25.1.8937393/toolchains/llvm/prebuilt/linux-x86_64/bin/clang --target=aarch64-none-linux-android21 --sysroot=/home/long/Android/Sdk/ndk/25.1.8937393/toolchains/llvm/prebuilt/linux-x86_64/sysroot -DWEBP_HAVE_FLAG_MIPS32 -I"/media/LG/Coding/Android Studio/Signal-LG/libwebp" -g -DANDROID -fdata-sections -ffunction-sections -funwind-tables -fstack-protector-strong -no-canonical-prefixes -D_FORTIFY_SOURCE=2 -Wformat -Werror=format-security  -pthread  -fPIE -MD -MT CMakeFiles/cmTC_dbf17.dir/src.c.o -MF CMakeFiles/cmTC_dbf17.dir/src.c.o.d -o CMakeFiles/cmTC_dbf17.dir/src.c.o -c '/media/LG/Coding/Android Studio/Signal-LG/glide-webp/lib/.cxx/RelWithDebInfo/4du3x2j1/arm64-v8a/CMakeFiles/CMakeTmp/src.c'
/media/LG/Coding/Android Studio/Signal-LG/glide-webp/lib/.cxx/RelWithDebInfo/4du3x2j1/arm64-v8a/CMakeFiles/CMakeTmp/src.c:5:9: error: use of undeclared identifier 'this'
        this is not valid code
        ^
1 error generated.
ninja: build stopped: subcommand failed.


Source file was:

      #include "/media/LG/Coding/Android Studio/Signal-LG/libwebp/cmake/../src/dsp/dsp.h"
      int main(void) {
        #if !defined(WEBP_USE_MIPS32)
        this is not valid code
        #endif
        return 0;
      }
    
Performing C SOURCE FILE Test WEBP_HAVE_FLAG_MIPS32 failed with the following output:
Change Dir: /media/LG/Coding/Android Studio/Signal-LG/glide-webp/lib/.cxx/RelWithDebInfo/4du3x2j1/arm64-v8a/CMakeFiles/CMakeTmp

Run Build Command(s):/home/long/Android/Sdk/cmake/3.22.1/bin/ninja cmTC_366ac && [1/2] Building C object CMakeFiles/cmTC_366ac.dir/src.c.o
FAILED: CMakeFiles/cmTC_366ac.dir/src.c.o 
/home/long/Android/Sdk/ndk/25.1.8937393/toolchains/llvm/prebuilt/linux-x86_64/bin/clang --target=aarch64-none-linux-android21 --sysroot=/home/long/Android/Sdk/ndk/25.1.8937393/toolchains/llvm/prebuilt/linux-x86_64/sysroot -DWEBP_HAVE_FLAG_MIPS32 -I"/media/LG/Coding/Android Studio/Signal-LG/libwebp" -g -DANDROID -fdata-sections -ffunction-sections -funwind-tables -fstack-protector-strong -no-canonical-prefixes -D_FORTIFY_SOURCE=2 -Wformat -Werror=format-security  -pthread -mips32 -fPIE -MD -MT CMakeFiles/cmTC_366ac.dir/src.c.o -MF CMakeFiles/cmTC_366ac.dir/src.c.o.d -o CMakeFiles/cmTC_366ac.dir/src.c.o -c '/media/LG/Coding/Android Studio/Signal-LG/glide-webp/lib/.cxx/RelWithDebInfo/4du3x2j1/arm64-v8a/CMakeFiles/CMakeTmp/src.c'
clang: error: the clang compiler does not support '-mips32'
ninja: build stopped: subcommand failed.


Source file was:

      #include "/media/LG/Coding/Android Studio/Signal-LG/libwebp/cmake/../src/dsp/dsp.h"
      int main(void) {
        #if !defined(WEBP_USE_MIPS32)
        this is not valid code
        #endif
        return 0;
      }
    
Performing C SOURCE FILE Test WEBP_HAVE_FLAG_MIPS_DSP_R2 failed with the following output:
Change Dir: /media/LG/Coding/Android Studio/Signal-LG/glide-webp/lib/.cxx/RelWithDebInfo/4du3x2j1/arm64-v8a/CMakeFiles/CMakeTmp

Run Build Command(s):/home/long/Android/Sdk/cmake/3.22.1/bin/ninja cmTC_f239c && [1/2] Building C object CMakeFiles/cmTC_f239c.dir/src.c.o
FAILED: CMakeFiles/cmTC_f239c.dir/src.c.o 
/home/long/Android/Sdk/ndk/25.1.8937393/toolchains/llvm/prebuilt/linux-x86_64/bin/clang --target=aarch64-none-linux-android21 --sysroot=/home/long/Android/Sdk/ndk/25.1.8937393/toolchains/llvm/prebuilt/linux-x86_64/sysroot -DWEBP_HAVE_FLAG_MIPS_DSP_R2 -I"/media/LG/Coding/Android Studio/Signal-LG/libwebp" -g -DANDROID -fdata-sections -ffunction-sections -funwind-tables -fstack-protector-strong -no-canonical-prefixes -D_FORTIFY_SOURCE=2 -Wformat -Werror=format-security  -pthread  -fPIE -MD -MT CMakeFiles/cmTC_f239c.dir/src.c.o -MF CMakeFiles/cmTC_f239c.dir/src.c.o.d -o CMakeFiles/cmTC_f239c.dir/src.c.o -c '/media/LG/Coding/Android Studio/Signal-LG/glide-webp/lib/.cxx/RelWithDebInfo/4du3x2j1/arm64-v8a/CMakeFiles/CMakeTmp/src.c'
/media/LG/Coding/Android Studio/Signal-LG/glide-webp/lib/.cxx/RelWithDebInfo/4du3x2j1/arm64-v8a/CMakeFiles/CMakeTmp/src.c:5:9: error: use of undeclared identifier 'this'
        this is not valid code
        ^
1 error generated.
ninja: build stopped: subcommand failed.


Source file was:

      #include "/media/LG/Coding/Android Studio/Signal-LG/libwebp/cmake/../src/dsp/dsp.h"
      int main(void) {
        #if !defined(WEBP_USE_MIPS_DSP_R2)
        this is not valid code
        #endif
        return 0;
      }
    
Performing C SOURCE FILE Test WEBP_HAVE_FLAG_MIPS_DSP_R2 failed with the following output:
Change Dir: /media/LG/Coding/Android Studio/Signal-LG/glide-webp/lib/.cxx/RelWithDebInfo/4du3x2j1/arm64-v8a/CMakeFiles/CMakeTmp

Run Build Command(s):/home/long/Android/Sdk/cmake/3.22.1/bin/ninja cmTC_93d22 && [1/2] Building C object CMakeFiles/cmTC_93d22.dir/src.c.o
FAILED: CMakeFiles/cmTC_93d22.dir/src.c.o 
/home/long/Android/Sdk/ndk/25.1.8937393/toolchains/llvm/prebuilt/linux-x86_64/bin/clang --target=aarch64-none-linux-android21 --sysroot=/home/long/Android/Sdk/ndk/25.1.8937393/toolchains/llvm/prebuilt/linux-x86_64/sysroot -DWEBP_HAVE_FLAG_MIPS_DSP_R2 -I"/media/LG/Coding/Android Studio/Signal-LG/libwebp" -g -DANDROID -fdata-sections -ffunction-sections -funwind-tables -fstack-protector-strong -no-canonical-prefixes -D_FORTIFY_SOURCE=2 -Wformat -Werror=format-security  -pthread -mdspr2 -fPIE -MD -MT CMakeFiles/cmTC_93d22.dir/src.c.o -MF CMakeFiles/cmTC_93d22.dir/src.c.o.d -o CMakeFiles/cmTC_93d22.dir/src.c.o -c '/media/LG/Coding/Android Studio/Signal-LG/glide-webp/lib/.cxx/RelWithDebInfo/4du3x2j1/arm64-v8a/CMakeFiles/CMakeTmp/src.c'
clang: warning: argument unused during compilation: '-mdspr2' [-Wunused-command-line-argument]
/media/LG/Coding/Android Studio/Signal-LG/glide-webp/lib/.cxx/RelWithDebInfo/4du3x2j1/arm64-v8a/CMakeFiles/CMakeTmp/src.c:5:9: error: use of undeclared identifier 'this'
        this is not valid code
        ^
1 error generated.
ninja: build stopped: subcommand failed.


Source file was:

      #include "/media/LG/Coding/Android Studio/Signal-LG/libwebp/cmake/../src/dsp/dsp.h"
      int main(void) {
        #if !defined(WEBP_USE_MIPS_DSP_R2)
        this is not valid code
        #endif
        return 0;
      }
    
Performing C SOURCE FILE Test FLAG_-mno-dspr2 failed with the following output:
Change Dir: /media/LG/Coding/Android Studio/Signal-LG/glide-webp/lib/.cxx/RelWithDebInfo/4du3x2j1/arm64-v8a/CMakeFiles/CMakeTmp

Run Build Command(s):/home/long/Android/Sdk/cmake/3.22.1/bin/ninja cmTC_138f8 && [1/2] Building C object CMakeFiles/cmTC_138f8.dir/src.c.o
clang: warning: argument unused during compilation: '-mdspr2' [-Wunused-command-line-argument]
clang: warning: argument unused during compilation: '-mno-dspr2' [-Wunused-command-line-argument]
In file included from <built-in>:385:
<command line>:3:14: warning: ISO C99 requires whitespace after the macro name [-Wc99-extensions]
#define FLAG_-mno-dspr2 1
             ^
1 warning generated.
[2/2] Linking C executable cmTC_138f8


Source file was:
int main(void) {return 0;}
Performing C SOURCE FILE Test WEBP_HAVE_FLAG_MSA failed with the following output:
Change Dir: /media/LG/Coding/Android Studio/Signal-LG/glide-webp/lib/.cxx/RelWithDebInfo/4du3x2j1/arm64-v8a/CMakeFiles/CMakeTmp

Run Build Command(s):/home/long/Android/Sdk/cmake/3.22.1/bin/ninja cmTC_3fc7f && [1/2] Building C object CMakeFiles/cmTC_3fc7f.dir/src.c.o
FAILED: CMakeFiles/cmTC_3fc7f.dir/src.c.o 
/home/long/Android/Sdk/ndk/25.1.8937393/toolchains/llvm/prebuilt/linux-x86_64/bin/clang --target=aarch64-none-linux-android21 --sysroot=/home/long/Android/Sdk/ndk/25.1.8937393/toolchains/llvm/prebuilt/linux-x86_64/sysroot -DWEBP_HAVE_FLAG_MSA -I"/media/LG/Coding/Android Studio/Signal-LG/libwebp" -g -DANDROID -fdata-sections -ffunction-sections -funwind-tables -fstack-protector-strong -no-canonical-prefixes -D_FORTIFY_SOURCE=2 -Wformat -Werror=format-security  -pthread  -fPIE -MD -MT CMakeFiles/cmTC_3fc7f.dir/src.c.o -MF CMakeFiles/cmTC_3fc7f.dir/src.c.o.d -o CMakeFiles/cmTC_3fc7f.dir/src.c.o -c '/media/LG/Coding/Android Studio/Signal-LG/glide-webp/lib/.cxx/RelWithDebInfo/4du3x2j1/arm64-v8a/CMakeFiles/CMakeTmp/src.c'
/media/LG/Coding/Android Studio/Signal-LG/glide-webp/lib/.cxx/RelWithDebInfo/4du3x2j1/arm64-v8a/CMakeFiles/CMakeTmp/src.c:5:9: error: use of undeclared identifier 'this'
        this is not valid code
        ^
1 error generated.
ninja: build stopped: subcommand failed.


Source file was:

      #include "/media/LG/Coding/Android Studio/Signal-LG/libwebp/cmake/../src/dsp/dsp.h"
      int main(void) {
        #if !defined(WEBP_USE_MSA)
        this is not valid code
        #endif
        return 0;
      }
    
Performing C SOURCE FILE Test WEBP_HAVE_FLAG_MSA failed with the following output:
Change Dir: /media/LG/Coding/Android Studio/Signal-LG/glide-webp/lib/.cxx/RelWithDebInfo/4du3x2j1/arm64-v8a/CMakeFiles/CMakeTmp

Run Build Command(s):/home/long/Android/Sdk/cmake/3.22.1/bin/ninja cmTC_011f0 && [1/2] Building C object CMakeFiles/cmTC_011f0.dir/src.c.o
FAILED: CMakeFiles/cmTC_011f0.dir/src.c.o 
/home/long/Android/Sdk/ndk/25.1.8937393/toolchains/llvm/prebuilt/linux-x86_64/bin/clang --target=aarch64-none-linux-android21 --sysroot=/home/long/Android/Sdk/ndk/25.1.8937393/toolchains/llvm/prebuilt/linux-x86_64/sysroot -DWEBP_HAVE_FLAG_MSA -I"/media/LG/Coding/Android Studio/Signal-LG/libwebp" -g -DANDROID -fdata-sections -ffunction-sections -funwind-tables -fstack-protector-strong -no-canonical-prefixes -D_FORTIFY_SOURCE=2 -Wformat -Werror=format-security  -pthread -mmsa -fPIE -MD -MT CMakeFiles/cmTC_011f0.dir/src.c.o -MF CMakeFiles/cmTC_011f0.dir/src.c.o.d -o CMakeFiles/cmTC_011f0.dir/src.c.o -c '/media/LG/Coding/Android Studio/Signal-LG/glide-webp/lib/.cxx/RelWithDebInfo/4du3x2j1/arm64-v8a/CMakeFiles/CMakeTmp/src.c'
clang: warning: argument unused during compilation: '-mmsa' [-Wunused-command-line-argument]
/media/LG/Coding/Android Studio/Signal-LG/glide-webp/lib/.cxx/RelWithDebInfo/4du3x2j1/arm64-v8a/CMakeFiles/CMakeTmp/src.c:5:9: error: use of undeclared identifier 'this'
        this is not valid code
        ^
1 error generated.
ninja: build stopped: subcommand failed.


Source file was:

      #include "/media/LG/Coding/Android Studio/Signal-LG/libwebp/cmake/../src/dsp/dsp.h"
      int main(void) {
        #if !defined(WEBP_USE_MSA)
        this is not valid code
        #endif
        return 0;
      }
    
Performing C SOURCE FILE Test FLAG_-mno-msa failed with the following output:
Change Dir: /media/LG/Coding/Android Studio/Signal-LG/glide-webp/lib/.cxx/RelWithDebInfo/4du3x2j1/arm64-v8a/CMakeFiles/CMakeTmp

Run Build Command(s):/home/long/Android/Sdk/cmake/3.22.1/bin/ninja cmTC_769e0 && [1/2] Building C object CMakeFiles/cmTC_769e0.dir/src.c.o
clang: warning: argument unused during compilation: '-mmsa' [-Wunused-command-line-argument]
clang: warning: argument unused during compilation: '-mno-msa' [-Wunused-command-line-argument]
In file included from <built-in>:385:
<command line>:3:14: warning: ISO C99 requires whitespace after the macro name [-Wc99-extensions]
#define FLAG_-mno-msa 1
             ^
1 warning generated.
[2/2] Linking C executable cmTC_769e0


Source file was:
int main(void) {return 0;}
